{"/Users/sabathrodriguez/h2no/H2NO-Main/H2NO/App.js": {"path":"/Users/sabathrodriguez/h2no/H2NO-Main/H2NO/App.js","statementMap":{"0":{"start":{"line":17,"column":2},"end":{"line":36,"column":4}}},"fnMap":{"0":{"name":"App","decl":{"start":{"line":16,"column":24},"end":{"line":16,"column":27}},"loc":{"start":{"line":16,"column":30},"end":{"line":37,"column":1}},"line":16}},"branchMap":{},"s":{"0":0},"f":{"0":0},"b":{}}
,"/Users/sabathrodriguez/h2no/H2NO-Main/H2NO/firebase.js": {"path":"/Users/sabathrodriguez/h2no/H2NO-Main/H2NO/firebase.js","statementMap":{"0":{"start":{"line":9,"column":23},"end":{"line":17,"column":1}},"1":{"start":{"line":20,"column":12},"end":{"line":20,"column":50}},"2":{"start":{"line":21,"column":13},"end":{"line":21,"column":28}},"3":{"start":{"line":22,"column":11},"end":{"line":22,"column":28}}},"fnMap":{},"branchMap":{},"s":{"0":0,"1":0,"2":0,"3":0},"f":{},"b":{}}
,"/Users/sabathrodriguez/h2no/H2NO-Main/H2NO/components/RecyclePage.js": {"path":"/Users/sabathrodriguez/h2no/H2NO-Main/H2NO/components/RecyclePage.js","statementMap":{"0":{"start":{"line":10,"column":30},"end":{"line":10,"column":77}},"1":{"start":{"line":13,"column":36},"end":{"line":13,"column":82}},"2":{"start":{"line":16,"column":22},"end":{"line":49,"column":5}},"3":{"start":{"line":17,"column":19},"end":{"line":23,"column":8}},"4":{"start":{"line":24,"column":6},"end":{"line":48,"column":7}},"5":{"start":{"line":25,"column":8},"end":{"line":25,"column":39}},"6":{"start":{"line":27,"column":24},"end":{"line":27,"column":37}},"7":{"start":{"line":28,"column":8},"end":{"line":28,"column":61}},"8":{"start":{"line":30,"column":25},"end":{"line":30,"column":53}},"9":{"start":{"line":31,"column":18},"end":{"line":31,"column":54}},"10":{"start":{"line":32,"column":29},"end":{"line":37,"column":9}},"11":{"start":{"line":39,"column":8},"end":{"line":39,"column":34}},"12":{"start":{"line":40,"column":8},"end":{"line":40,"column":40}},"13":{"start":{"line":42,"column":8},"end":{"line":45,"column":53}},"14":{"start":{"line":43,"column":26},"end":{"line":43,"column":41}},"15":{"start":{"line":44,"column":24},"end":{"line":44,"column":49}},"16":{"start":{"line":45,"column":24},"end":{"line":45,"column":51}},"17":{"start":{"line":47,"column":8},"end":{"line":47,"column":33}},"18":{"start":{"line":52,"column":23},"end":{"line":91,"column":5}},"19":{"start":{"line":54,"column":31},"end":{"line":54,"column":80}},"20":{"start":{"line":56,"column":6},"end":{"line":59,"column":7}},"21":{"start":{"line":57,"column":8},"end":{"line":57,"column":61}},"22":{"start":{"line":58,"column":8},"end":{"line":58,"column":15}},"23":{"start":{"line":61,"column":21},"end":{"line":64,"column":7}},"24":{"start":{"line":67,"column":6},"end":{"line":90,"column":7}},"25":{"start":{"line":68,"column":8},"end":{"line":68,"column":39}},"26":{"start":{"line":69,"column":24},"end":{"line":69,"column":37}},"27":{"start":{"line":70,"column":8},"end":{"line":70,"column":61}},"28":{"start":{"line":72,"column":25},"end":{"line":72,"column":53}},"29":{"start":{"line":73,"column":18},"end":{"line":73,"column":54}},"30":{"start":{"line":74,"column":29},"end":{"line":79,"column":9}},"31":{"start":{"line":81,"column":8},"end":{"line":81,"column":34}},"32":{"start":{"line":82,"column":8},"end":{"line":82,"column":40}},"33":{"start":{"line":84,"column":8},"end":{"line":87,"column":53}},"34":{"start":{"line":85,"column":26},"end":{"line":85,"column":41}},"35":{"start":{"line":86,"column":24},"end":{"line":86,"column":62}},"36":{"start":{"line":87,"column":24},"end":{"line":87,"column":51}},"37":{"start":{"line":89,"column":8},"end":{"line":89,"column":35}},"38":{"start":{"line":93,"column":4},"end":{"line":118,"column":6}},"39":{"start":{"line":112,"column":27},"end":{"line":112,"column":63}}},"fnMap":{"0":{"name":"RecyclePage","decl":{"start":{"line":7,"column":24},"end":{"line":7,"column":35}},"loc":{"start":{"line":7,"column":50},"end":{"line":119,"column":3}},"line":7},"1":{"name":"(anonymous_1)","decl":{"start":{"line":16,"column":22},"end":{"line":16,"column":23}},"loc":{"start":{"line":16,"column":34},"end":{"line":49,"column":5}},"line":16},"2":{"name":"(anonymous_2)","decl":{"start":{"line":43,"column":14},"end":{"line":43,"column":15}},"loc":{"start":{"line":43,"column":26},"end":{"line":43,"column":41}},"line":43},"3":{"name":"(anonymous_3)","decl":{"start":{"line":44,"column":14},"end":{"line":44,"column":15}},"loc":{"start":{"line":44,"column":24},"end":{"line":44,"column":49}},"line":44},"4":{"name":"(anonymous_4)","decl":{"start":{"line":45,"column":15},"end":{"line":45,"column":16}},"loc":{"start":{"line":45,"column":24},"end":{"line":45,"column":51}},"line":45},"5":{"name":"(anonymous_5)","decl":{"start":{"line":52,"column":23},"end":{"line":52,"column":24}},"loc":{"start":{"line":52,"column":35},"end":{"line":91,"column":5}},"line":52},"6":{"name":"(anonymous_6)","decl":{"start":{"line":85,"column":14},"end":{"line":85,"column":15}},"loc":{"start":{"line":85,"column":26},"end":{"line":85,"column":41}},"line":85},"7":{"name":"(anonymous_7)","decl":{"start":{"line":86,"column":14},"end":{"line":86,"column":15}},"loc":{"start":{"line":86,"column":24},"end":{"line":86,"column":62}},"line":86},"8":{"name":"(anonymous_8)","decl":{"start":{"line":87,"column":15},"end":{"line":87,"column":16}},"loc":{"start":{"line":87,"column":24},"end":{"line":87,"column":51}},"line":87},"9":{"name":"(anonymous_9)","decl":{"start":{"line":112,"column":21},"end":{"line":112,"column":22}},"loc":{"start":{"line":112,"column":27},"end":{"line":112,"column":63}},"line":112}},"branchMap":{"0":{"loc":{"start":{"line":24,"column":6},"end":{"line":48,"column":7}},"type":"if","locations":[{"start":{"line":24,"column":6},"end":{"line":48,"column":7}},{"start":{},"end":{}}],"line":24},"1":{"loc":{"start":{"line":56,"column":6},"end":{"line":59,"column":7}},"type":"if","locations":[{"start":{"line":56,"column":6},"end":{"line":59,"column":7}},{"start":{},"end":{}}],"line":56},"2":{"loc":{"start":{"line":67,"column":6},"end":{"line":90,"column":7}},"type":"if","locations":[{"start":{"line":67,"column":6},"end":{"line":90,"column":7}},{"start":{},"end":{}}],"line":67},"3":{"loc":{"start":{"line":99,"column":23},"end":{"line":99,"column":56}},"type":"cond-expr","locations":[{"start":{"line":99,"column":31},"end":{"line":99,"column":45}},{"start":{"line":99,"column":48},"end":{"line":99,"column":56}}],"line":99}},"s":{"0":2,"1":2,"2":2,"3":0,"4":0,"5":0,"6":0,"7":0,"8":0,"9":0,"10":0,"11":0,"12":0,"13":0,"14":0,"15":0,"16":0,"17":0,"18":2,"19":0,"20":0,"21":0,"22":0,"23":0,"24":0,"25":0,"26":0,"27":0,"28":0,"29":0,"30":0,"31":0,"32":0,"33":0,"34":0,"35":0,"36":0,"37":0,"38":2,"39":0},"f":{"0":2,"1":0,"2":0,"3":0,"4":0,"5":0,"6":0,"7":0,"8":0,"9":0},"b":{"0":[0,0],"1":[0,0],"2":[0,0],"3":[0,2]},"_coverageSchema":"1a1c01bbd47fc00a2c39e90264f33305004495a9","hash":"551a08bf4c0eb4e3b82988c21f27344ff8f90bf7"}
,"/Users/sabathrodriguez/h2no/H2NO-Main/H2NO/components/add_friends.js": {"path":"/Users/sabathrodriguez/h2no/H2NO-Main/H2NO/components/add_friends.js","statementMap":{"0":{"start":{"line":9,"column":30},"end":{"line":9,"column":42}},"1":{"start":{"line":11,"column":20},"end":{"line":51,"column":3}},"2":{"start":{"line":12,"column":14},"end":{"line":12,"column":91}},"3":{"start":{"line":14,"column":26},"end":{"line":14,"column":42}},"4":{"start":{"line":15,"column":4},"end":{"line":15,"column":25}},"5":{"start":{"line":16,"column":4},"end":{"line":16,"column":17}},"6":{"start":{"line":17,"column":4},"end":{"line":20,"column":7}},"7":{"start":{"line":18,"column":6},"end":{"line":18,"column":31}},"8":{"start":{"line":19,"column":6},"end":{"line":19,"column":26}},"9":{"start":{"line":22,"column":4},"end":{"line":25,"column":5}},"10":{"start":{"line":23,"column":6},"end":{"line":23,"column":43}},"11":{"start":{"line":24,"column":6},"end":{"line":24,"column":13}},"12":{"start":{"line":27,"column":15},"end":{"line":27,"column":128}},"13":{"start":{"line":29,"column":27},"end":{"line":29,"column":44}},"14":{"start":{"line":30,"column":27},"end":{"line":30,"column":32}},"15":{"start":{"line":31,"column":4},"end":{"line":33,"column":7}},"16":{"start":{"line":32,"column":6},"end":{"line":32,"column":30}},"17":{"start":{"line":35,"column":4},"end":{"line":38,"column":5}},"18":{"start":{"line":36,"column":6},"end":{"line":36,"column":45}},"19":{"start":{"line":37,"column":6},"end":{"line":37,"column":13}},"20":{"start":{"line":39,"column":4},"end":{"line":42,"column":5}},"21":{"start":{"line":40,"column":6},"end":{"line":40,"column":51}},"22":{"start":{"line":41,"column":6},"end":{"line":41,"column":13}},"23":{"start":{"line":43,"column":4},"end":{"line":49,"column":5}},"24":{"start":{"line":44,"column":18},"end":{"line":47,"column":8}},"25":{"start":{"line":48,"column":6},"end":{"line":48,"column":28}},"26":{"start":{"line":53,"column":4},"end":{"line":89,"column":6}},"27":{"start":{"line":82,"column":38},"end":{"line":82,"column":53}},"28":{"start":{"line":92,"column":17},"end":{"line":100,"column":4}}},"fnMap":{"0":{"name":"AddFriends","decl":{"start":{"line":8,"column":25},"end":{"line":8,"column":35}},"loc":{"start":{"line":8,"column":37},"end":{"line":90,"column":3}},"line":8},"1":{"name":"(anonymous_1)","decl":{"start":{"line":11,"column":20},"end":{"line":11,"column":21}},"loc":{"start":{"line":11,"column":32},"end":{"line":51,"column":3}},"line":11},"2":{"name":"(anonymous_2)","decl":{"start":{"line":17,"column":26},"end":{"line":17,"column":27}},"loc":{"start":{"line":17,"column":35},"end":{"line":20,"column":5}},"line":17},"3":{"name":"(anonymous_3)","decl":{"start":{"line":31,"column":27},"end":{"line":31,"column":28}},"loc":{"start":{"line":31,"column":36},"end":{"line":33,"column":5}},"line":31},"4":{"name":"(anonymous_4)","decl":{"start":{"line":82,"column":28},"end":{"line":82,"column":29}},"loc":{"start":{"line":82,"column":38},"end":{"line":82,"column":53}},"line":82}},"branchMap":{"0":{"loc":{"start":{"line":22,"column":4},"end":{"line":25,"column":5}},"type":"if","locations":[{"start":{"line":22,"column":4},"end":{"line":25,"column":5}},{"start":{},"end":{}}],"line":22},"1":{"loc":{"start":{"line":35,"column":4},"end":{"line":38,"column":5}},"type":"if","locations":[{"start":{"line":35,"column":4},"end":{"line":38,"column":5}},{"start":{},"end":{}}],"line":35},"2":{"loc":{"start":{"line":39,"column":4},"end":{"line":42,"column":5}},"type":"if","locations":[{"start":{"line":39,"column":4},"end":{"line":42,"column":5}},{"start":{},"end":{}}],"line":39},"3":{"loc":{"start":{"line":43,"column":4},"end":{"line":49,"column":5}},"type":"if","locations":[{"start":{"line":43,"column":4},"end":{"line":49,"column":5}},{"start":{},"end":{}}],"line":43}},"s":{"0":0,"1":0,"2":0,"3":0,"4":0,"5":0,"6":0,"7":0,"8":0,"9":0,"10":0,"11":0,"12":0,"13":0,"14":0,"15":0,"16":0,"17":0,"18":0,"19":0,"20":0,"21":0,"22":0,"23":0,"24":0,"25":0,"26":0,"27":0,"28":0},"f":{"0":0,"1":0,"2":0,"3":0,"4":0},"b":{"0":[0,0],"1":[0,0],"2":[0,0],"3":[0,0]}}
,"/Users/sabathrodriguez/h2no/H2NO-Main/H2NO/components/aluminum_page.js": {"path":"/Users/sabathrodriguez/h2no/H2NO-Main/H2NO/components/aluminum_page.js","statementMap":{"0":{"start":{"line":9,"column":4},"end":{"line":56,"column":5}},"1":{"start":{"line":33,"column":36},"end":{"line":33,"column":88}},"2":{"start":{"line":59,"column":15},"end":{"line":82,"column":2}}},"fnMap":{"0":{"name":"AluminumPage","decl":{"start":{"line":7,"column":24},"end":{"line":7,"column":36}},"loc":{"start":{"line":7,"column":39},"end":{"line":57,"column":1}},"line":7},"1":{"name":"(anonymous_1)","decl":{"start":{"line":33,"column":29},"end":{"line":33,"column":30}},"loc":{"start":{"line":33,"column":35},"end":{"line":33,"column":89}},"line":33}},"branchMap":{},"s":{"0":0,"1":0,"2":0},"f":{"0":0,"1":0},"b":{}}
,"/Users/sabathrodriguez/h2no/H2NO-Main/H2NO/components/edit_light.js": {"path":"/Users/sabathrodriguez/h2no/H2NO-Main/H2NO/components/edit_light.js","statementMap":{"0":{"start":{"line":6,"column":21},"end":{"line":60,"column":1}},"1":{"start":{"line":8,"column":20},"end":{"line":8,"column":33}},"2":{"start":{"line":9,"column":4},"end":{"line":9,"column":49}},"3":{"start":{"line":10,"column":4},"end":{"line":10,"column":57}},"4":{"start":{"line":12,"column":14},"end":{"line":14,"column":6}},"5":{"start":{"line":16,"column":25},"end":{"line":21,"column":5}},"6":{"start":{"line":23,"column":4},"end":{"line":28,"column":49}},"7":{"start":{"line":24,"column":22},"end":{"line":24,"column":37}},"8":{"start":{"line":26,"column":8},"end":{"line":26,"column":28}},"9":{"start":{"line":28,"column":20},"end":{"line":28,"column":47}},"10":{"start":{"line":30,"column":19},"end":{"line":30,"column":62}},"11":{"start":{"line":31,"column":20},"end":{"line":31,"column":40}},"12":{"start":{"line":33,"column":28},"end":{"line":33,"column":49}},"13":{"start":{"line":34,"column":25},"end":{"line":34,"column":27}},"14":{"start":{"line":35,"column":4},"end":{"line":55,"column":5}},"15":{"start":{"line":35,"column":17},"end":{"line":35,"column":18}},"16":{"start":{"line":36,"column":8},"end":{"line":54,"column":9}},"17":{"start":{"line":37,"column":12},"end":{"line":44,"column":15}},"18":{"start":{"line":46,"column":12},"end":{"line":53,"column":15}},"19":{"start":{"line":57,"column":4},"end":{"line":59,"column":6}},"20":{"start":{"line":62,"column":18},"end":{"line":71,"column":1}},"21":{"start":{"line":63,"column":4},"end":{"line":70,"column":23}},"22":{"start":{"line":75,"column":14},"end":{"line":75,"column":45}},"23":{"start":{"line":76,"column":17},"end":{"line":76,"column":45}},"24":{"start":{"line":77,"column":17},"end":{"line":77,"column":46}},"25":{"start":{"line":78,"column":20},"end":{"line":78,"column":52}},"26":{"start":{"line":79,"column":19},"end":{"line":79,"column":50}},"27":{"start":{"line":81,"column":32},"end":{"line":81,"column":44}},"28":{"start":{"line":83,"column":4},"end":{"line":133,"column":5}},"29":{"start":{"line":92,"column":36},"end":{"line":92,"column":61}},"30":{"start":{"line":94,"column":39},"end":{"line":94,"column":94}},"31":{"start":{"line":105,"column":39},"end":{"line":105,"column":95}},"32":{"start":{"line":117,"column":38},"end":{"line":117,"column":54}},"33":{"start":{"line":136,"column":23},"end":{"line":136,"column":66}},"34":{"start":{"line":137,"column":24},"end":{"line":137,"column":44}},"35":{"start":{"line":139,"column":32},"end":{"line":139,"column":53}},"36":{"start":{"line":140,"column":29},"end":{"line":140,"column":31}},"37":{"start":{"line":141,"column":8},"end":{"line":162,"column":9}},"38":{"start":{"line":141,"column":21},"end":{"line":141,"column":22}},"39":{"start":{"line":142,"column":12},"end":{"line":142,"column":32}},"40":{"start":{"line":143,"column":12},"end":{"line":161,"column":13}},"41":{"start":{"line":144,"column":16},"end":{"line":151,"column":19}},"42":{"start":{"line":153,"column":16},"end":{"line":160,"column":19}},"43":{"start":{"line":164,"column":8},"end":{"line":164,"column":24}},"44":{"start":{"line":165,"column":8},"end":{"line":165,"column":36}},"45":{"start":{"line":166,"column":8},"end":{"line":168,"column":10}},"46":{"start":{"line":169,"column":8},"end":{"line":169,"column":28}},"47":{"start":{"line":173,"column":23},"end":{"line":173,"column":66}},"48":{"start":{"line":174,"column":24},"end":{"line":174,"column":44}},"49":{"start":{"line":176,"column":32},"end":{"line":176,"column":53}},"50":{"start":{"line":177,"column":29},"end":{"line":177,"column":31}},"51":{"start":{"line":178,"column":8},"end":{"line":190,"column":9}},"52":{"start":{"line":178,"column":21},"end":{"line":178,"column":22}},"53":{"start":{"line":179,"column":12},"end":{"line":189,"column":13}},"54":{"start":{"line":180,"column":16},"end":{"line":188,"column":19}},"55":{"start":{"line":192,"column":8},"end":{"line":192,"column":24}},"56":{"start":{"line":193,"column":8},"end":{"line":193,"column":36}},"57":{"start":{"line":194,"column":8},"end":{"line":196,"column":10}},"58":{"start":{"line":197,"column":8},"end":{"line":197,"column":28}},"59":{"start":{"line":202,"column":4},"end":{"line":202,"column":26}},"60":{"start":{"line":205,"column":22},"end":{"line":216,"column":1}},"61":{"start":{"line":206,"column":4},"end":{"line":215,"column":5}}},"fnMap":{"0":{"name":"(anonymous_0)","decl":{"start":{"line":6,"column":21},"end":{"line":6,"column":22}},"loc":{"start":{"line":6,"column":71},"end":{"line":60,"column":1}},"line":6},"1":{"name":"(anonymous_1)","decl":{"start":{"line":24,"column":10},"end":{"line":24,"column":11}},"loc":{"start":{"line":24,"column":22},"end":{"line":24,"column":37}},"line":24},"2":{"name":"(anonymous_2)","decl":{"start":{"line":25,"column":10},"end":{"line":25,"column":11}},"loc":{"start":{"line":25,"column":20},"end":{"line":27,"column":5}},"line":25},"3":{"name":"(anonymous_3)","decl":{"start":{"line":28,"column":11},"end":{"line":28,"column":12}},"loc":{"start":{"line":28,"column":20},"end":{"line":28,"column":47}},"line":28},"4":{"name":"(anonymous_4)","decl":{"start":{"line":62,"column":18},"end":{"line":62,"column":19}},"loc":{"start":{"line":63,"column":4},"end":{"line":70,"column":23}},"line":63},"5":{"name":"EditLight","decl":{"start":{"line":73,"column":24},"end":{"line":73,"column":33}},"loc":{"start":{"line":73,"column":48},"end":{"line":199,"column":1}},"line":73},"6":{"name":"(anonymous_6)","decl":{"start":{"line":92,"column":29},"end":{"line":92,"column":30}},"loc":{"start":{"line":92,"column":35},"end":{"line":92,"column":62}},"line":92},"7":{"name":"(anonymous_7)","decl":{"start":{"line":94,"column":32},"end":{"line":94,"column":33}},"loc":{"start":{"line":94,"column":38},"end":{"line":94,"column":95}},"line":94},"8":{"name":"(anonymous_8)","decl":{"start":{"line":105,"column":32},"end":{"line":105,"column":33}},"loc":{"start":{"line":105,"column":38},"end":{"line":105,"column":96}},"line":105},"9":{"name":"(anonymous_9)","decl":{"start":{"line":117,"column":32},"end":{"line":117,"column":33}},"loc":{"start":{"line":117,"column":38},"end":{"line":117,"column":54}},"line":117},"10":{"name":"updateLight","decl":{"start":{"line":135,"column":19},"end":{"line":135,"column":30}},"loc":{"start":{"line":135,"column":45},"end":{"line":170,"column":5}},"line":135},"11":{"name":"deleteLight","decl":{"start":{"line":172,"column":19},"end":{"line":172,"column":30}},"loc":{"start":{"line":172,"column":36},"end":{"line":198,"column":5}},"line":172},"12":{"name":"getLightFromKey","decl":{"start":{"line":201,"column":9},"end":{"line":201,"column":24}},"loc":{"start":{"line":201,"column":38},"end":{"line":203,"column":1}},"line":201},"13":{"name":"(anonymous_13)","decl":{"start":{"line":205,"column":22},"end":{"line":205,"column":23}},"loc":{"start":{"line":205,"column":95},"end":{"line":216,"column":1}},"line":205},"14":{"name":"(anonymous_14)","decl":{"start":{"line":208,"column":39},"end":{"line":208,"column":40}},"loc":{"start":{"line":208,"column":45},"end":{"line":210,"column":17}},"line":208}},"branchMap":{"0":{"loc":{"start":{"line":36,"column":8},"end":{"line":54,"column":9}},"type":"if","locations":[{"start":{"line":36,"column":8},"end":{"line":54,"column":9}},{"start":{"line":45,"column":15},"end":{"line":54,"column":9}}],"line":36},"1":{"loc":{"start":{"line":130,"column":29},"end":{"line":130,"column":72}},"type":"cond-expr","locations":[{"start":{"line":130,"column":38},"end":{"line":130,"column":53}},{"start":{"line":130,"column":56},"end":{"line":130,"column":72}}],"line":130},"2":{"loc":{"start":{"line":143,"column":12},"end":{"line":161,"column":13}},"type":"if","locations":[{"start":{"line":143,"column":12},"end":{"line":161,"column":13}},{"start":{"line":152,"column":19},"end":{"line":161,"column":13}}],"line":143},"3":{"loc":{"start":{"line":179,"column":12},"end":{"line":189,"column":13}},"type":"if","locations":[{"start":{"line":179,"column":12},"end":{"line":189,"column":13}},{"start":{},"end":{}}],"line":179}},"s":{"0":0,"1":0,"2":0,"3":0,"4":0,"5":0,"6":0,"7":0,"8":0,"9":0,"10":0,"11":0,"12":0,"13":0,"14":0,"15":0,"16":0,"17":0,"18":0,"19":0,"20":0,"21":0,"22":0,"23":0,"24":0,"25":0,"26":0,"27":0,"28":0,"29":0,"30":0,"31":0,"32":0,"33":0,"34":0,"35":0,"36":0,"37":0,"38":0,"39":0,"40":0,"41":0,"42":0,"43":0,"44":0,"45":0,"46":0,"47":0,"48":0,"49":0,"50":0,"51":0,"52":0,"53":0,"54":0,"55":0,"56":0,"57":0,"58":0,"59":0,"60":0,"61":0},"f":{"0":0,"1":0,"2":0,"3":0,"4":0,"5":0,"6":0,"7":0,"8":0,"9":0,"10":0,"11":0,"12":0,"13":0,"14":0},"b":{"0":[0,0],"1":[0,0],"2":[0,0],"3":[0,0]}}
,"/Users/sabathrodriguez/h2no/H2NO-Main/H2NO/components/edit_profile.js": {"path":"/Users/sabathrodriguez/h2no/H2NO-Main/H2NO/components/edit_profile.js","statementMap":{"0":{"start":{"line":10,"column":36},"end":{"line":10,"column":48}},"1":{"start":{"line":11,"column":36},"end":{"line":11,"column":48}},"2":{"start":{"line":12,"column":30},"end":{"line":12,"column":42}},"3":{"start":{"line":13,"column":26},"end":{"line":13,"column":38}},"4":{"start":{"line":15,"column":23},"end":{"line":72,"column":5}},"5":{"start":{"line":16,"column":6},"end":{"line":19,"column":7}},"6":{"start":{"line":17,"column":8},"end":{"line":17,"column":43}},"7":{"start":{"line":18,"column":8},"end":{"line":18,"column":15}},"8":{"start":{"line":21,"column":6},"end":{"line":26,"column":7}},"9":{"start":{"line":21,"column":19},"end":{"line":21,"column":20}},"10":{"start":{"line":22,"column":8},"end":{"line":25,"column":9}},"11":{"start":{"line":23,"column":10},"end":{"line":23,"column":41}},"12":{"start":{"line":24,"column":10},"end":{"line":24,"column":17}},"13":{"start":{"line":28,"column":6},"end":{"line":33,"column":7}},"14":{"start":{"line":28,"column":19},"end":{"line":28,"column":20}},"15":{"start":{"line":29,"column":8},"end":{"line":32,"column":9}},"16":{"start":{"line":30,"column":10},"end":{"line":30,"column":51}},"17":{"start":{"line":31,"column":10},"end":{"line":31,"column":17}},"18":{"start":{"line":35,"column":6},"end":{"line":38,"column":7}},"19":{"start":{"line":36,"column":8},"end":{"line":36,"column":85}},"20":{"start":{"line":37,"column":8},"end":{"line":37,"column":15}},"21":{"start":{"line":40,"column":22},"end":{"line":40,"column":27}},"22":{"start":{"line":42,"column":16},"end":{"line":42,"column":105}},"23":{"start":{"line":44,"column":28},"end":{"line":44,"column":44}},"24":{"start":{"line":46,"column":6},"end":{"line":52,"column":9}},"25":{"start":{"line":47,"column":8},"end":{"line":51,"column":9}},"26":{"start":{"line":48,"column":10},"end":{"line":48,"column":50}},"27":{"start":{"line":49,"column":10},"end":{"line":49,"column":27}},"28":{"start":{"line":50,"column":10},"end":{"line":50,"column":17}},"29":{"start":{"line":54,"column":6},"end":{"line":56,"column":7}},"30":{"start":{"line":55,"column":8},"end":{"line":55,"column":15}},"31":{"start":{"line":58,"column":6},"end":{"line":69,"column":9}},"32":{"start":{"line":59,"column":8},"end":{"line":66,"column":11}},"33":{"start":{"line":68,"column":8},"end":{"line":68,"column":41}},"34":{"start":{"line":71,"column":6},"end":{"line":71,"column":24}},"35":{"start":{"line":74,"column":44},"end":{"line":74,"column":56}},"36":{"start":{"line":75,"column":44},"end":{"line":75,"column":56}},"37":{"start":{"line":76,"column":38},"end":{"line":76,"column":50}},"38":{"start":{"line":77,"column":34},"end":{"line":77,"column":46}},"39":{"start":{"line":79,"column":25},"end":{"line":93,"column":5}},"40":{"start":{"line":80,"column":25},"end":{"line":80,"column":63}},"41":{"start":{"line":81,"column":26},"end":{"line":81,"column":50}},"42":{"start":{"line":82,"column":6},"end":{"line":92,"column":7}},"43":{"start":{"line":83,"column":10},"end":{"line":83,"column":45}},"44":{"start":{"line":84,"column":10},"end":{"line":84,"column":50}},"45":{"start":{"line":85,"column":10},"end":{"line":85,"column":48}},"46":{"start":{"line":86,"column":10},"end":{"line":86,"column":57}},"47":{"start":{"line":88,"column":10},"end":{"line":88,"column":41}},"48":{"start":{"line":89,"column":10},"end":{"line":89,"column":46}},"49":{"start":{"line":90,"column":10},"end":{"line":90,"column":44}},"50":{"start":{"line":91,"column":10},"end":{"line":91,"column":53}},"51":{"start":{"line":95,"column":4},"end":{"line":97,"column":11}},"52":{"start":{"line":96,"column":6},"end":{"line":96,"column":21}},"53":{"start":{"line":99,"column":4},"end":{"line":165,"column":6}},"54":{"start":{"line":130,"column":36},"end":{"line":130,"column":53}},"55":{"start":{"line":139,"column":36},"end":{"line":139,"column":53}},"56":{"start":{"line":148,"column":36},"end":{"line":148,"column":50}},"57":{"start":{"line":157,"column":36},"end":{"line":157,"column":48}},"58":{"start":{"line":168,"column":17},"end":{"line":176,"column":4}}},"fnMap":{"0":{"name":"EditProfile","decl":{"start":{"line":9,"column":26},"end":{"line":9,"column":37}},"loc":{"start":{"line":9,"column":39},"end":{"line":166,"column":3}},"line":9},"1":{"name":"(anonymous_1)","decl":{"start":{"line":15,"column":23},"end":{"line":15,"column":24}},"loc":{"start":{"line":15,"column":35},"end":{"line":72,"column":5}},"line":15},"2":{"name":"(anonymous_2)","decl":{"start":{"line":46,"column":28},"end":{"line":46,"column":29}},"loc":{"start":{"line":46,"column":37},"end":{"line":52,"column":7}},"line":46},"3":{"name":"(anonymous_3)","decl":{"start":{"line":58,"column":48},"end":{"line":58,"column":49}},"loc":{"start":{"line":58,"column":60},"end":{"line":67,"column":7}},"line":58},"4":{"name":"(anonymous_4)","decl":{"start":{"line":67,"column":15},"end":{"line":67,"column":16}},"loc":{"start":{"line":67,"column":26},"end":{"line":69,"column":7}},"line":67},"5":{"name":"(anonymous_5)","decl":{"start":{"line":79,"column":25},"end":{"line":79,"column":26}},"loc":{"start":{"line":79,"column":37},"end":{"line":93,"column":5}},"line":79},"6":{"name":"(anonymous_6)","decl":{"start":{"line":95,"column":14},"end":{"line":95,"column":15}},"loc":{"start":{"line":95,"column":20},"end":{"line":97,"column":5}},"line":95},"7":{"name":"(anonymous_7)","decl":{"start":{"line":130,"column":26},"end":{"line":130,"column":27}},"loc":{"start":{"line":130,"column":36},"end":{"line":130,"column":53}},"line":130},"8":{"name":"(anonymous_8)","decl":{"start":{"line":139,"column":26},"end":{"line":139,"column":27}},"loc":{"start":{"line":139,"column":36},"end":{"line":139,"column":53}},"line":139},"9":{"name":"(anonymous_9)","decl":{"start":{"line":148,"column":26},"end":{"line":148,"column":27}},"loc":{"start":{"line":148,"column":36},"end":{"line":148,"column":50}},"line":148},"10":{"name":"(anonymous_10)","decl":{"start":{"line":157,"column":26},"end":{"line":157,"column":27}},"loc":{"start":{"line":157,"column":36},"end":{"line":157,"column":48}},"line":157}},"branchMap":{"0":{"loc":{"start":{"line":16,"column":6},"end":{"line":19,"column":7}},"type":"if","locations":[{"start":{"line":16,"column":6},"end":{"line":19,"column":7}},{"start":{},"end":{}}],"line":16},"1":{"loc":{"start":{"line":16,"column":9},"end":{"line":16,"column":69}},"type":"binary-expr","locations":[{"start":{"line":16,"column":9},"end":{"line":16,"column":23}},{"start":{"line":16,"column":27},"end":{"line":16,"column":36}},{"start":{"line":16,"column":40},"end":{"line":16,"column":51}},{"start":{"line":16,"column":55},"end":{"line":16,"column":69}}],"line":16},"2":{"loc":{"start":{"line":22,"column":8},"end":{"line":25,"column":9}},"type":"if","locations":[{"start":{"line":22,"column":8},"end":{"line":25,"column":9}},{"start":{},"end":{}}],"line":22},"3":{"loc":{"start":{"line":22,"column":14},"end":{"line":22,"column":44}},"type":"binary-expr","locations":[{"start":{"line":22,"column":14},"end":{"line":22,"column":27}},{"start":{"line":22,"column":31},"end":{"line":22,"column":44}}],"line":22},"4":{"loc":{"start":{"line":29,"column":8},"end":{"line":32,"column":9}},"type":"if","locations":[{"start":{"line":29,"column":8},"end":{"line":32,"column":9}},{"start":{},"end":{}}],"line":29},"5":{"loc":{"start":{"line":29,"column":14},"end":{"line":29,"column":68}},"type":"binary-expr","locations":[{"start":{"line":29,"column":14},"end":{"line":29,"column":41}},{"start":{"line":29,"column":45},"end":{"line":29,"column":68}}],"line":29},"6":{"loc":{"start":{"line":35,"column":6},"end":{"line":38,"column":7}},"type":"if","locations":[{"start":{"line":35,"column":6},"end":{"line":38,"column":7}},{"start":{},"end":{}}],"line":35},"7":{"loc":{"start":{"line":47,"column":8},"end":{"line":51,"column":9}},"type":"if","locations":[{"start":{"line":47,"column":8},"end":{"line":51,"column":9}},{"start":{},"end":{}}],"line":47},"8":{"loc":{"start":{"line":54,"column":6},"end":{"line":56,"column":7}},"type":"if","locations":[{"start":{"line":54,"column":6},"end":{"line":56,"column":7}},{"start":{},"end":{}}],"line":54},"9":{"loc":{"start":{"line":82,"column":6},"end":{"line":92,"column":7}},"type":"if","locations":[{"start":{"line":82,"column":6},"end":{"line":92,"column":7}},{"start":{},"end":{}}],"line":82}},"s":{"0":0,"1":0,"2":0,"3":0,"4":0,"5":0,"6":0,"7":0,"8":0,"9":0,"10":0,"11":0,"12":0,"13":0,"14":0,"15":0,"16":0,"17":0,"18":0,"19":0,"20":0,"21":0,"22":0,"23":0,"24":0,"25":0,"26":0,"27":0,"28":0,"29":0,"30":0,"31":0,"32":0,"33":0,"34":0,"35":0,"36":0,"37":0,"38":0,"39":0,"40":0,"41":0,"42":0,"43":0,"44":0,"45":0,"46":0,"47":0,"48":0,"49":0,"50":0,"51":0,"52":0,"53":0,"54":0,"55":0,"56":0,"57":0,"58":0},"f":{"0":0,"1":0,"2":0,"3":0,"4":0,"5":0,"6":0,"7":0,"8":0,"9":0,"10":0},"b":{"0":[0,0],"1":[0,0,0,0],"2":[0,0],"3":[0,0],"4":[0,0],"5":[0,0],"6":[0,0],"7":[0,0],"8":[0,0],"9":[0,0]}}
,"/Users/sabathrodriguez/h2no/H2NO-Main/H2NO/components/edit_water.js": {"path":"/Users/sabathrodriguez/h2no/H2NO-Main/H2NO/components/edit_water.js","statementMap":{"0":{"start":{"line":27,"column":18},"end":{"line":362,"column":1}},"1":{"start":{"line":28,"column":20},"end":{"line":28,"column":59}},"2":{"start":{"line":28,"column":26},"end":{"line":28,"column":59}},"3":{"start":{"line":30,"column":17},"end":{"line":67,"column":4}},"4":{"start":{"line":69,"column":40},"end":{"line":69,"column":51}},"5":{"start":{"line":70,"column":40},"end":{"line":70,"column":51}},"6":{"start":{"line":71,"column":42},"end":{"line":71,"column":53}},"7":{"start":{"line":72,"column":38},"end":{"line":72,"column":52}},"8":{"start":{"line":73,"column":42},"end":{"line":73,"column":53}},"9":{"start":{"line":74,"column":33},"end":{"line":74,"column":44}},"10":{"start":{"line":75,"column":39},"end":{"line":75,"column":50}},"11":{"start":{"line":77,"column":21},"end":{"line":155,"column":3}},"12":{"start":{"line":78,"column":6},"end":{"line":81,"column":7}},"13":{"start":{"line":79,"column":8},"end":{"line":79,"column":49}},"14":{"start":{"line":80,"column":8},"end":{"line":80,"column":14}},"15":{"start":{"line":82,"column":6},"end":{"line":85,"column":7}},"16":{"start":{"line":83,"column":8},"end":{"line":83,"column":41}},"17":{"start":{"line":84,"column":8},"end":{"line":84,"column":14}},"18":{"start":{"line":86,"column":6},"end":{"line":89,"column":7}},"19":{"start":{"line":87,"column":8},"end":{"line":87,"column":47}},"20":{"start":{"line":88,"column":8},"end":{"line":88,"column":14}},"21":{"start":{"line":90,"column":6},"end":{"line":93,"column":7}},"22":{"start":{"line":91,"column":8},"end":{"line":91,"column":46}},"23":{"start":{"line":92,"column":8},"end":{"line":92,"column":14}},"24":{"start":{"line":94,"column":6},"end":{"line":97,"column":7}},"25":{"start":{"line":95,"column":8},"end":{"line":95,"column":46}},"26":{"start":{"line":96,"column":8},"end":{"line":96,"column":14}},"27":{"start":{"line":98,"column":6},"end":{"line":101,"column":7}},"28":{"start":{"line":99,"column":8},"end":{"line":99,"column":56}},"29":{"start":{"line":100,"column":8},"end":{"line":100,"column":14}},"30":{"start":{"line":103,"column":29},"end":{"line":103,"column":79}},"31":{"start":{"line":105,"column":20},"end":{"line":105,"column":48}},"32":{"start":{"line":106,"column":22},"end":{"line":106,"column":52}},"33":{"start":{"line":107,"column":23},"end":{"line":107,"column":54}},"34":{"start":{"line":108,"column":20},"end":{"line":108,"column":48}},"35":{"start":{"line":109,"column":23},"end":{"line":109,"column":54}},"36":{"start":{"line":111,"column":21},"end":{"line":111,"column":65}},"37":{"start":{"line":112,"column":22},"end":{"line":112,"column":42}},"38":{"start":{"line":114,"column":6},"end":{"line":141,"column":7}},"39":{"start":{"line":115,"column":8},"end":{"line":115,"column":96}},"40":{"start":{"line":116,"column":8},"end":{"line":116,"column":153}},"41":{"start":{"line":117,"column":8},"end":{"line":117,"column":108}},"42":{"start":{"line":118,"column":8},"end":{"line":118,"column":102}},"43":{"start":{"line":120,"column":8},"end":{"line":126,"column":11}},"44":{"start":{"line":128,"column":8},"end":{"line":128,"column":73}},"45":{"start":{"line":129,"column":8},"end":{"line":129,"column":96}},"46":{"start":{"line":130,"column":8},"end":{"line":130,"column":82}},"47":{"start":{"line":131,"column":8},"end":{"line":131,"column":76}},"48":{"start":{"line":132,"column":8},"end":{"line":132,"column":21}},"49":{"start":{"line":134,"column":8},"end":{"line":140,"column":11}},"50":{"start":{"line":143,"column":4},"end":{"line":152,"column":7}},"51":{"start":{"line":154,"column":4},"end":{"line":154,"column":23}},"52":{"start":{"line":157,"column":48},"end":{"line":157,"column":59}},"53":{"start":{"line":158,"column":48},"end":{"line":158,"column":59}},"54":{"start":{"line":159,"column":50},"end":{"line":159,"column":61}},"55":{"start":{"line":160,"column":50},"end":{"line":160,"column":61}},"56":{"start":{"line":161,"column":41},"end":{"line":161,"column":52}},"57":{"start":{"line":162,"column":47},"end":{"line":162,"column":58}},"58":{"start":{"line":164,"column":23},"end":{"line":176,"column":3}},"59":{"start":{"line":165,"column":23},"end":{"line":165,"column":67}},"60":{"start":{"line":166,"column":24},"end":{"line":166,"column":48}},"61":{"start":{"line":167,"column":4},"end":{"line":175,"column":5}},"62":{"start":{"line":168,"column":8},"end":{"line":168,"column":64}},"63":{"start":{"line":169,"column":8},"end":{"line":169,"column":59}},"64":{"start":{"line":170,"column":8},"end":{"line":170,"column":61}},"65":{"start":{"line":171,"column":8},"end":{"line":171,"column":60}},"66":{"start":{"line":172,"column":8},"end":{"line":172,"column":61}},"67":{"start":{"line":173,"column":8},"end":{"line":173,"column":52}},"68":{"start":{"line":174,"column":8},"end":{"line":174,"column":57}},"69":{"start":{"line":178,"column":2},"end":{"line":180,"column":9}},"70":{"start":{"line":179,"column":4},"end":{"line":179,"column":19}},"71":{"start":{"line":182,"column":2},"end":{"line":361,"column":4}},"72":{"start":{"line":223,"column":36},"end":{"line":223,"column":66}},"73":{"start":{"line":242,"column":36},"end":{"line":242,"column":66}},"74":{"start":{"line":261,"column":36},"end":{"line":261,"column":67}},"75":{"start":{"line":292,"column":36},"end":{"line":292,"column":69}},"76":{"start":{"line":311,"column":36},"end":{"line":311,"column":63}},"77":{"start":{"line":330,"column":36},"end":{"line":330,"column":66}},"78":{"start":{"line":337,"column":27},"end":{"line":337,"column":39}},"79":{"start":{"line":352,"column":43},"end":{"line":352,"column":62}}},"fnMap":{"0":{"name":"(anonymous_0)","decl":{"start":{"line":27,"column":18},"end":{"line":27,"column":19}},"loc":{"start":{"line":27,"column":38},"end":{"line":362,"column":1}},"line":27},"1":{"name":"(anonymous_1)","decl":{"start":{"line":28,"column":20},"end":{"line":28,"column":21}},"loc":{"start":{"line":28,"column":26},"end":{"line":28,"column":59}},"line":28},"2":{"name":"(anonymous_2)","decl":{"start":{"line":77,"column":21},"end":{"line":77,"column":22}},"loc":{"start":{"line":77,"column":33},"end":{"line":155,"column":3}},"line":77},"3":{"name":"(anonymous_3)","decl":{"start":{"line":164,"column":23},"end":{"line":164,"column":24}},"loc":{"start":{"line":164,"column":35},"end":{"line":176,"column":3}},"line":164},"4":{"name":"(anonymous_4)","decl":{"start":{"line":178,"column":12},"end":{"line":178,"column":13}},"loc":{"start":{"line":178,"column":18},"end":{"line":180,"column":3}},"line":178},"5":{"name":"(anonymous_5)","decl":{"start":{"line":223,"column":26},"end":{"line":223,"column":27}},"loc":{"start":{"line":223,"column":36},"end":{"line":223,"column":66}},"line":223},"6":{"name":"(anonymous_6)","decl":{"start":{"line":242,"column":26},"end":{"line":242,"column":27}},"loc":{"start":{"line":242,"column":36},"end":{"line":242,"column":66}},"line":242},"7":{"name":"(anonymous_7)","decl":{"start":{"line":261,"column":26},"end":{"line":261,"column":27}},"loc":{"start":{"line":261,"column":36},"end":{"line":261,"column":67}},"line":261},"8":{"name":"(anonymous_8)","decl":{"start":{"line":292,"column":26},"end":{"line":292,"column":27}},"loc":{"start":{"line":292,"column":36},"end":{"line":292,"column":69}},"line":292},"9":{"name":"(anonymous_9)","decl":{"start":{"line":311,"column":26},"end":{"line":311,"column":27}},"loc":{"start":{"line":311,"column":36},"end":{"line":311,"column":63}},"line":311},"10":{"name":"(anonymous_10)","decl":{"start":{"line":330,"column":26},"end":{"line":330,"column":27}},"loc":{"start":{"line":330,"column":36},"end":{"line":330,"column":66}},"line":330},"11":{"name":"(anonymous_11)","decl":{"start":{"line":337,"column":21},"end":{"line":337,"column":22}},"loc":{"start":{"line":337,"column":27},"end":{"line":337,"column":39}},"line":337},"12":{"name":"(anonymous_12)","decl":{"start":{"line":352,"column":37},"end":{"line":352,"column":38}},"loc":{"start":{"line":352,"column":43},"end":{"line":352,"column":62}},"line":352}},"branchMap":{"0":{"loc":{"start":{"line":78,"column":6},"end":{"line":81,"column":7}},"type":"if","locations":[{"start":{"line":78,"column":6},"end":{"line":81,"column":7}},{"start":{},"end":{}}],"line":78},"1":{"loc":{"start":{"line":82,"column":6},"end":{"line":85,"column":7}},"type":"if","locations":[{"start":{"line":82,"column":6},"end":{"line":85,"column":7}},{"start":{},"end":{}}],"line":82},"2":{"loc":{"start":{"line":86,"column":6},"end":{"line":89,"column":7}},"type":"if","locations":[{"start":{"line":86,"column":6},"end":{"line":89,"column":7}},{"start":{},"end":{}}],"line":86},"3":{"loc":{"start":{"line":90,"column":6},"end":{"line":93,"column":7}},"type":"if","locations":[{"start":{"line":90,"column":6},"end":{"line":93,"column":7}},{"start":{},"end":{}}],"line":90},"4":{"loc":{"start":{"line":94,"column":6},"end":{"line":97,"column":7}},"type":"if","locations":[{"start":{"line":94,"column":6},"end":{"line":97,"column":7}},{"start":{},"end":{}}],"line":94},"5":{"loc":{"start":{"line":98,"column":6},"end":{"line":101,"column":7}},"type":"if","locations":[{"start":{"line":98,"column":6},"end":{"line":101,"column":7}},{"start":{},"end":{}}],"line":98},"6":{"loc":{"start":{"line":114,"column":6},"end":{"line":141,"column":7}},"type":"if","locations":[{"start":{"line":114,"column":6},"end":{"line":141,"column":7}},{"start":{"line":127,"column":13},"end":{"line":141,"column":7}}],"line":114},"7":{"loc":{"start":{"line":167,"column":4},"end":{"line":175,"column":5}},"type":"if","locations":[{"start":{"line":167,"column":4},"end":{"line":175,"column":5}},{"start":{},"end":{}}],"line":167}},"s":{"0":0,"1":0,"2":0,"3":0,"4":0,"5":0,"6":0,"7":0,"8":0,"9":0,"10":0,"11":0,"12":0,"13":0,"14":0,"15":0,"16":0,"17":0,"18":0,"19":0,"20":0,"21":0,"22":0,"23":0,"24":0,"25":0,"26":0,"27":0,"28":0,"29":0,"30":0,"31":0,"32":0,"33":0,"34":0,"35":0,"36":0,"37":0,"38":0,"39":0,"40":0,"41":0,"42":0,"43":0,"44":0,"45":0,"46":0,"47":0,"48":0,"49":0,"50":0,"51":0,"52":0,"53":0,"54":0,"55":0,"56":0,"57":0,"58":0,"59":0,"60":0,"61":0,"62":0,"63":0,"64":0,"65":0,"66":0,"67":0,"68":0,"69":0,"70":0,"71":0,"72":0,"73":0,"74":0,"75":0,"76":0,"77":0,"78":0,"79":0},"f":{"0":0,"1":0,"2":0,"3":0,"4":0,"5":0,"6":0,"7":0,"8":0,"9":0,"10":0,"11":0,"12":0},"b":{"0":[0,0],"1":[0,0],"2":[0,0],"3":[0,0],"4":[0,0],"5":[0,0],"6":[0,0],"7":[0,0]}}
,"/Users/sabathrodriguez/h2no/H2NO-Main/H2NO/components/electronics_page.js": {"path":"/Users/sabathrodriguez/h2no/H2NO-Main/H2NO/components/electronics_page.js","statementMap":{"0":{"start":{"line":7,"column":4},"end":{"line":41,"column":5}},"1":{"start":{"line":44,"column":15},"end":{"line":80,"column":2}}},"fnMap":{"0":{"name":"ElectronicsPage","decl":{"start":{"line":5,"column":24},"end":{"line":5,"column":39}},"loc":{"start":{"line":5,"column":42},"end":{"line":42,"column":1}},"line":5}},"branchMap":{},"s":{"0":0,"1":0},"f":{"0":0},"b":{}}
,"/Users/sabathrodriguez/h2no/H2NO-Main/H2NO/components/forgot_password_page.js": {"path":"/Users/sabathrodriguez/h2no/H2NO-Main/H2NO/components/forgot_password_page.js","statementMap":{"0":{"start":{"line":10,"column":28},"end":{"line":10,"column":40}},"1":{"start":{"line":12,"column":22},"end":{"line":16,"column":3}},"2":{"start":{"line":13,"column":4},"end":{"line":13,"column":38}},"3":{"start":{"line":14,"column":4},"end":{"line":14,"column":48}},"4":{"start":{"line":15,"column":4},"end":{"line":15,"column":23}},"5":{"start":{"line":18,"column":4},"end":{"line":47,"column":5}},"6":{"start":{"line":40,"column":38},"end":{"line":40,"column":52}},"7":{"start":{"line":52,"column":15},"end":{"line":60,"column":4}}},"fnMap":{"0":{"name":"ForgotPasswordPage","decl":{"start":{"line":9,"column":24},"end":{"line":9,"column":42}},"loc":{"start":{"line":9,"column":56},"end":{"line":50,"column":1}},"line":9},"1":{"name":"(anonymous_1)","decl":{"start":{"line":12,"column":22},"end":{"line":12,"column":23}},"loc":{"start":{"line":12,"column":28},"end":{"line":16,"column":3}},"line":12},"2":{"name":"(anonymous_2)","decl":{"start":{"line":40,"column":28},"end":{"line":40,"column":29}},"loc":{"start":{"line":40,"column":38},"end":{"line":40,"column":52}},"line":40}},"branchMap":{},"s":{"0":0,"1":0,"2":0,"3":0,"4":0,"5":0,"6":0,"7":0},"f":{"0":0,"1":0,"2":0},"b":{}}
,"/Users/sabathrodriguez/h2no/H2NO-Main/H2NO/components/glass_page.js": {"path":"/Users/sabathrodriguez/h2no/H2NO-Main/H2NO/components/glass_page.js","statementMap":{"0":{"start":{"line":9,"column":4},"end":{"line":65,"column":5}},"1":{"start":{"line":47,"column":34},"end":{"line":47,"column":122}},"2":{"start":{"line":50,"column":34},"end":{"line":50,"column":132}},"3":{"start":{"line":68,"column":15},"end":{"line":104,"column":2}}},"fnMap":{"0":{"name":"GlassPage","decl":{"start":{"line":7,"column":24},"end":{"line":7,"column":33}},"loc":{"start":{"line":7,"column":36},"end":{"line":66,"column":1}},"line":7},"1":{"name":"(anonymous_1)","decl":{"start":{"line":47,"column":27},"end":{"line":47,"column":28}},"loc":{"start":{"line":47,"column":33},"end":{"line":47,"column":123}},"line":47},"2":{"name":"(anonymous_2)","decl":{"start":{"line":50,"column":27},"end":{"line":50,"column":28}},"loc":{"start":{"line":50,"column":33},"end":{"line":50,"column":133}},"line":50}},"branchMap":{},"s":{"0":0,"1":0,"2":0,"3":0},"f":{"0":0,"1":0,"2":0},"b":{}}
,"/Users/sabathrodriguez/h2no/H2NO-Main/H2NO/components/login_page.js": {"path":"/Users/sabathrodriguez/h2no/H2NO-Main/H2NO/components/login_page.js","statementMap":{"0":{"start":{"line":21,"column":20},"end":{"line":132,"column":1}},"1":{"start":{"line":22,"column":28},"end":{"line":22,"column":40}},"2":{"start":{"line":23,"column":34},"end":{"line":23,"column":46}},"3":{"start":{"line":25,"column":2},"end":{"line":33,"column":9}},"4":{"start":{"line":26,"column":24},"end":{"line":30,"column":6}},"5":{"start":{"line":27,"column":6},"end":{"line":29,"column":7}},"6":{"start":{"line":28,"column":8},"end":{"line":28,"column":38}},"7":{"start":{"line":32,"column":4},"end":{"line":32,"column":23}},"8":{"start":{"line":35,"column":22},"end":{"line":42,"column":3}},"9":{"start":{"line":36,"column":4},"end":{"line":41,"column":46}},"10":{"start":{"line":39,"column":21},"end":{"line":39,"column":41}},"11":{"start":{"line":41,"column":24},"end":{"line":41,"column":44}},"12":{"start":{"line":44,"column":2},"end":{"line":131,"column":4}},"13":{"start":{"line":73,"column":38},"end":{"line":73,"column":52}},"14":{"start":{"line":93,"column":38},"end":{"line":93,"column":55}},"15":{"start":{"line":110,"column":29},"end":{"line":110,"column":64}},"16":{"start":{"line":122,"column":45},"end":{"line":122,"column":82}},"17":{"start":{"line":134,"column":15},"end":{"line":142,"column":2}}},"fnMap":{"0":{"name":"(anonymous_0)","decl":{"start":{"line":21,"column":20},"end":{"line":21,"column":21}},"loc":{"start":{"line":21,"column":40},"end":{"line":132,"column":1}},"line":21},"1":{"name":"(anonymous_1)","decl":{"start":{"line":25,"column":12},"end":{"line":25,"column":13}},"loc":{"start":{"line":25,"column":18},"end":{"line":33,"column":3}},"line":25},"2":{"name":"(anonymous_2)","decl":{"start":{"line":26,"column":48},"end":{"line":26,"column":49}},"loc":{"start":{"line":26,"column":58},"end":{"line":30,"column":5}},"line":26},"3":{"name":"(anonymous_3)","decl":{"start":{"line":35,"column":22},"end":{"line":35,"column":23}},"loc":{"start":{"line":35,"column":28},"end":{"line":42,"column":3}},"line":35},"4":{"name":"(anonymous_4)","decl":{"start":{"line":38,"column":12},"end":{"line":38,"column":13}},"loc":{"start":{"line":38,"column":33},"end":{"line":40,"column":7}},"line":38},"5":{"name":"(anonymous_5)","decl":{"start":{"line":41,"column":13},"end":{"line":41,"column":14}},"loc":{"start":{"line":41,"column":24},"end":{"line":41,"column":44}},"line":41},"6":{"name":"(anonymous_6)","decl":{"start":{"line":73,"column":28},"end":{"line":73,"column":29}},"loc":{"start":{"line":73,"column":38},"end":{"line":73,"column":52}},"line":73},"7":{"name":"(anonymous_7)","decl":{"start":{"line":93,"column":28},"end":{"line":93,"column":29}},"loc":{"start":{"line":93,"column":38},"end":{"line":93,"column":55}},"line":93},"8":{"name":"(anonymous_8)","decl":{"start":{"line":110,"column":23},"end":{"line":110,"column":24}},"loc":{"start":{"line":110,"column":29},"end":{"line":110,"column":64}},"line":110},"9":{"name":"(anonymous_9)","decl":{"start":{"line":122,"column":39},"end":{"line":122,"column":40}},"loc":{"start":{"line":122,"column":45},"end":{"line":122,"column":82}},"line":122}},"branchMap":{"0":{"loc":{"start":{"line":27,"column":6},"end":{"line":29,"column":7}},"type":"if","locations":[{"start":{"line":27,"column":6},"end":{"line":29,"column":7}},{"start":{},"end":{}}],"line":27}},"s":{"0":0,"1":0,"2":0,"3":0,"4":0,"5":0,"6":0,"7":0,"8":0,"9":0,"10":0,"11":0,"12":0,"13":0,"14":0,"15":0,"16":0,"17":0},"f":{"0":0,"1":0,"2":0,"3":0,"4":0,"5":0,"6":0,"7":0,"8":0,"9":0},"b":{"0":[0,0]}}
,"/Users/sabathrodriguez/h2no/H2NO-Main/H2NO/components/map_page.js": {"path":"/Users/sabathrodriguez/h2no/H2NO-Main/H2NO/components/map_page.js","statementMap":{"0":{"start":{"line":7,"column":15},"end":{"line":23,"column":2}},"1":{"start":{"line":25,"column":16},"end":{"line":86,"column":1}},"2":{"start":{"line":26,"column":44},"end":{"line":32,"column":4}},"3":{"start":{"line":34,"column":23},"end":{"line":52,"column":3}},"4":{"start":{"line":35,"column":21},"end":{"line":35,"column":23}},"5":{"start":{"line":37,"column":14},"end":{"line":37,"column":92}},"6":{"start":{"line":39,"column":26},"end":{"line":39,"column":42}},"7":{"start":{"line":41,"column":4},"end":{"line":49,"column":7}},"8":{"start":{"line":42,"column":6},"end":{"line":48,"column":7}},"9":{"start":{"line":43,"column":8},"end":{"line":47,"column":11}},"10":{"start":{"line":51,"column":4},"end":{"line":51,"column":30}},"11":{"start":{"line":53,"column":2},"end":{"line":55,"column":9}},"12":{"start":{"line":54,"column":4},"end":{"line":54,"column":19}},"13":{"start":{"line":57,"column":2},"end":{"line":85,"column":4}}},"fnMap":{"0":{"name":"(anonymous_0)","decl":{"start":{"line":25,"column":16},"end":{"line":25,"column":17}},"loc":{"start":{"line":25,"column":22},"end":{"line":86,"column":1}},"line":25},"1":{"name":"(anonymous_1)","decl":{"start":{"line":34,"column":23},"end":{"line":34,"column":24}},"loc":{"start":{"line":34,"column":35},"end":{"line":52,"column":3}},"line":34},"2":{"name":"(anonymous_2)","decl":{"start":{"line":41,"column":26},"end":{"line":41,"column":27}},"loc":{"start":{"line":41,"column":35},"end":{"line":49,"column":5}},"line":41},"3":{"name":"(anonymous_3)","decl":{"start":{"line":53,"column":12},"end":{"line":53,"column":13}},"loc":{"start":{"line":53,"column":18},"end":{"line":55,"column":3}},"line":53}},"branchMap":{"0":{"loc":{"start":{"line":42,"column":6},"end":{"line":48,"column":7}},"type":"if","locations":[{"start":{"line":42,"column":6},"end":{"line":48,"column":7}},{"start":{},"end":{}}],"line":42}},"s":{"0":0,"1":0,"2":0,"3":0,"4":0,"5":0,"6":0,"7":0,"8":0,"9":0,"10":0,"11":0,"12":0,"13":0},"f":{"0":0,"1":0,"2":0,"3":0},"b":{"0":[0,0]}}
,"/Users/sabathrodriguez/h2no/H2NO-Main/H2NO/components/more_actions_page.js": {"path":"/Users/sabathrodriguez/h2no/H2NO-Main/H2NO/components/more_actions_page.js","statementMap":{"0":{"start":{"line":7,"column":4},"end":{"line":37,"column":5}},"1":{"start":{"line":23,"column":49},"end":{"line":23,"column":82}},"2":{"start":{"line":31,"column":49},"end":{"line":31,"column":83}},"3":{"start":{"line":40,"column":15},"end":{"line":47,"column":4}}},"fnMap":{"0":{"name":"MoreActionsPage","decl":{"start":{"line":6,"column":24},"end":{"line":6,"column":39}},"loc":{"start":{"line":6,"column":53},"end":{"line":38,"column":1}},"line":6},"1":{"name":"(anonymous_1)","decl":{"start":{"line":23,"column":43},"end":{"line":23,"column":44}},"loc":{"start":{"line":23,"column":49},"end":{"line":23,"column":82}},"line":23},"2":{"name":"(anonymous_2)","decl":{"start":{"line":31,"column":43},"end":{"line":31,"column":44}},"loc":{"start":{"line":31,"column":49},"end":{"line":31,"column":83}},"line":31}},"branchMap":{},"s":{"0":0,"1":0,"2":0,"3":0},"f":{"0":0,"1":0,"2":0},"b":{}}
,"/Users/sabathrodriguez/h2no/H2NO-Main/H2NO/components/nav_page.js": {"path":"/Users/sabathrodriguez/h2no/H2NO-Main/H2NO/components/nav_page.js","statementMap":{"0":{"start":{"line":17,"column":20},"end":{"line":164,"column":3}},"1":{"start":{"line":18,"column":20},"end":{"line":18,"column":59}},"2":{"start":{"line":18,"column":26},"end":{"line":18,"column":59}},"3":{"start":{"line":20,"column":17},"end":{"line":71,"column":4}},"4":{"start":{"line":74,"column":26},"end":{"line":80,"column":5}},"5":{"start":{"line":75,"column":8},"end":{"line":79,"column":48}},"6":{"start":{"line":77,"column":12},"end":{"line":77,"column":39}},"7":{"start":{"line":79,"column":26},"end":{"line":79,"column":46}},"8":{"start":{"line":84,"column":4},"end":{"line":163,"column":6}},"9":{"start":{"line":97,"column":27},"end":{"line":97,"column":56}},"10":{"start":{"line":108,"column":27},"end":{"line":108,"column":59}},"11":{"start":{"line":120,"column":27},"end":{"line":120,"column":59}},"12":{"start":{"line":131,"column":27},"end":{"line":131,"column":63}},"13":{"start":{"line":142,"column":27},"end":{"line":142,"column":57}}},"fnMap":{"0":{"name":"(anonymous_0)","decl":{"start":{"line":17,"column":20},"end":{"line":17,"column":21}},"loc":{"start":{"line":17,"column":40},"end":{"line":164,"column":3}},"line":17},"1":{"name":"(anonymous_1)","decl":{"start":{"line":18,"column":20},"end":{"line":18,"column":21}},"loc":{"start":{"line":18,"column":26},"end":{"line":18,"column":59}},"line":18},"2":{"name":"(anonymous_2)","decl":{"start":{"line":74,"column":26},"end":{"line":74,"column":27}},"loc":{"start":{"line":74,"column":32},"end":{"line":80,"column":5}},"line":74},"3":{"name":"(anonymous_3)","decl":{"start":{"line":76,"column":14},"end":{"line":76,"column":15}},"loc":{"start":{"line":76,"column":20},"end":{"line":78,"column":9}},"line":76},"4":{"name":"(anonymous_4)","decl":{"start":{"line":79,"column":15},"end":{"line":79,"column":16}},"loc":{"start":{"line":79,"column":26},"end":{"line":79,"column":46}},"line":79},"5":{"name":"(anonymous_5)","decl":{"start":{"line":97,"column":21},"end":{"line":97,"column":22}},"loc":{"start":{"line":97,"column":27},"end":{"line":97,"column":56}},"line":97},"6":{"name":"(anonymous_6)","decl":{"start":{"line":108,"column":21},"end":{"line":108,"column":22}},"loc":{"start":{"line":108,"column":27},"end":{"line":108,"column":59}},"line":108},"7":{"name":"(anonymous_7)","decl":{"start":{"line":120,"column":21},"end":{"line":120,"column":22}},"loc":{"start":{"line":120,"column":27},"end":{"line":120,"column":59}},"line":120},"8":{"name":"(anonymous_8)","decl":{"start":{"line":131,"column":21},"end":{"line":131,"column":22}},"loc":{"start":{"line":131,"column":27},"end":{"line":131,"column":63}},"line":131},"9":{"name":"(anonymous_9)","decl":{"start":{"line":142,"column":21},"end":{"line":142,"column":22}},"loc":{"start":{"line":142,"column":27},"end":{"line":142,"column":57}},"line":142}},"branchMap":{},"s":{"0":0,"1":0,"2":0,"3":0,"4":0,"5":0,"6":0,"7":0,"8":0,"9":0,"10":0,"11":0,"12":0,"13":0},"f":{"0":0,"1":0,"2":0,"3":0,"4":0,"5":0,"6":0,"7":0,"8":0,"9":0},"b":{}}
,"/Users/sabathrodriguez/h2no/H2NO-Main/H2NO/components/paper_page.js": {"path":"/Users/sabathrodriguez/h2no/H2NO-Main/H2NO/components/paper_page.js","statementMap":{"0":{"start":{"line":10,"column":4},"end":{"line":100,"column":5}},"1":{"start":{"line":103,"column":15},"end":{"line":146,"column":2}}},"fnMap":{"0":{"name":"PaperPage","decl":{"start":{"line":8,"column":24},"end":{"line":8,"column":33}},"loc":{"start":{"line":8,"column":36},"end":{"line":101,"column":1}},"line":8}},"branchMap":{},"s":{"0":0,"1":0},"f":{"0":0},"b":{}}
,"/Users/sabathrodriguez/h2no/H2NO-Main/H2NO/components/plastics_page.js": {"path":"/Users/sabathrodriguez/h2no/H2NO-Main/H2NO/components/plastics_page.js","statementMap":{"0":{"start":{"line":15,"column":4},"end":{"line":107,"column":5}},"1":{"start":{"line":85,"column":34},"end":{"line":85,"column":78}},"2":{"start":{"line":110,"column":15},"end":{"line":145,"column":2}}},"fnMap":{"0":{"name":"PlasticPage","decl":{"start":{"line":13,"column":24},"end":{"line":13,"column":35}},"loc":{"start":{"line":13,"column":38},"end":{"line":108,"column":1}},"line":13},"1":{"name":"(anonymous_1)","decl":{"start":{"line":85,"column":27},"end":{"line":85,"column":28}},"loc":{"start":{"line":85,"column":33},"end":{"line":85,"column":79}},"line":85}},"branchMap":{},"s":{"0":0,"1":0,"2":0},"f":{"0":0,"1":0},"b":{}}
,"/Users/sabathrodriguez/h2no/H2NO-Main/H2NO/components/recycle_contact_page.js": {"path":"/Users/sabathrodriguez/h2no/H2NO-Main/H2NO/components/recycle_contact_page.js","statementMap":{"0":{"start":{"line":8,"column":28},"end":{"line":10,"column":7}},"1":{"start":{"line":9,"column":8},"end":{"line":9,"column":43}},"2":{"start":{"line":12,"column":42},"end":{"line":12,"column":54}},"3":{"start":{"line":14,"column":25},"end":{"line":37,"column":5}},"4":{"start":{"line":15,"column":23},"end":{"line":15,"column":25}},"5":{"start":{"line":16,"column":23},"end":{"line":20,"column":110}},"6":{"start":{"line":22,"column":8},"end":{"line":36,"column":11}},"7":{"start":{"line":23,"column":22},"end":{"line":23,"column":94}},"8":{"start":{"line":24,"column":34},"end":{"line":24,"column":50}},"9":{"start":{"line":26,"column":12},"end":{"line":33,"column":15}},"10":{"start":{"line":27,"column":16},"end":{"line":32,"column":19}},"11":{"start":{"line":35,"column":8},"end":{"line":35,"column":30}},"12":{"start":{"line":38,"column":4},"end":{"line":40,"column":11}},"13":{"start":{"line":39,"column":8},"end":{"line":39,"column":23}},"14":{"start":{"line":42,"column":17},"end":{"line":54,"column":7}},"15":{"start":{"line":43,"column":8},"end":{"line":53,"column":15}},"16":{"start":{"line":56,"column":4},"end":{"line":78,"column":5}},"17":{"start":{"line":64,"column":16},"end":{"line":75,"column":23}},"18":{"start":{"line":76,"column":36},"end":{"line":76,"column":45}},"19":{"start":{"line":81,"column":15},"end":{"line":97,"column":2}}},"fnMap":{"0":{"name":"RecycleContactPage","decl":{"start":{"line":7,"column":24},"end":{"line":7,"column":42}},"loc":{"start":{"line":7,"column":45},"end":{"line":79,"column":1}},"line":7},"1":{"name":"(anonymous_1)","decl":{"start":{"line":8,"column":28},"end":{"line":8,"column":29}},"loc":{"start":{"line":8,"column":40},"end":{"line":10,"column":7}},"line":8},"2":{"name":"(anonymous_2)","decl":{"start":{"line":14,"column":25},"end":{"line":14,"column":26}},"loc":{"start":{"line":14,"column":37},"end":{"line":37,"column":5}},"line":14},"3":{"name":"(anonymous_3)","decl":{"start":{"line":22,"column":26},"end":{"line":22,"column":27}},"loc":{"start":{"line":22,"column":44},"end":{"line":36,"column":9}},"line":22},"4":{"name":"(anonymous_4)","decl":{"start":{"line":26,"column":34},"end":{"line":26,"column":35}},"loc":{"start":{"line":26,"column":43},"end":{"line":33,"column":13}},"line":26},"5":{"name":"(anonymous_5)","decl":{"start":{"line":38,"column":14},"end":{"line":38,"column":15}},"loc":{"start":{"line":38,"column":20},"end":{"line":40,"column":5}},"line":38},"6":{"name":"(anonymous_6)","decl":{"start":{"line":42,"column":17},"end":{"line":42,"column":18}},"loc":{"start":{"line":43,"column":8},"end":{"line":53,"column":15}},"line":43},"7":{"name":"(anonymous_7)","decl":{"start":{"line":63,"column":24},"end":{"line":63,"column":25}},"loc":{"start":{"line":64,"column":16},"end":{"line":75,"column":23}},"line":64},"8":{"name":"(anonymous_8)","decl":{"start":{"line":76,"column":26},"end":{"line":76,"column":27}},"loc":{"start":{"line":76,"column":36},"end":{"line":76,"column":45}},"line":76}},"branchMap":{},"s":{"0":0,"1":0,"2":0,"3":0,"4":0,"5":0,"6":0,"7":0,"8":0,"9":0,"10":0,"11":0,"12":0,"13":0,"14":0,"15":0,"16":0,"17":0,"18":0,"19":0},"f":{"0":0,"1":0,"2":0,"3":0,"4":0,"5":0,"6":0,"7":0,"8":0},"b":{}}
,"/Users/sabathrodriguez/h2no/H2NO-Main/H2NO/components/recycling101_page.js": {"path":"/Users/sabathrodriguez/h2no/H2NO-Main/H2NO/components/recycling101_page.js","statementMap":{"0":{"start":{"line":8,"column":4},"end":{"line":76,"column":6}},"1":{"start":{"line":22,"column":27},"end":{"line":22,"column":58}},"2":{"start":{"line":30,"column":27},"end":{"line":30,"column":58}},"3":{"start":{"line":38,"column":27},"end":{"line":38,"column":67}},"4":{"start":{"line":46,"column":27},"end":{"line":46,"column":55}},"5":{"start":{"line":54,"column":27},"end":{"line":54,"column":61}},"6":{"start":{"line":70,"column":27},"end":{"line":70,"column":64}}},"fnMap":{"0":{"name":"Recycle101Page","decl":{"start":{"line":6,"column":24},"end":{"line":6,"column":38}},"loc":{"start":{"line":6,"column":53},"end":{"line":78,"column":3}},"line":6},"1":{"name":"(anonymous_1)","decl":{"start":{"line":22,"column":21},"end":{"line":22,"column":22}},"loc":{"start":{"line":22,"column":27},"end":{"line":22,"column":58}},"line":22},"2":{"name":"(anonymous_2)","decl":{"start":{"line":30,"column":21},"end":{"line":30,"column":22}},"loc":{"start":{"line":30,"column":27},"end":{"line":30,"column":58}},"line":30},"3":{"name":"(anonymous_3)","decl":{"start":{"line":38,"column":21},"end":{"line":38,"column":22}},"loc":{"start":{"line":38,"column":27},"end":{"line":38,"column":67}},"line":38},"4":{"name":"(anonymous_4)","decl":{"start":{"line":46,"column":21},"end":{"line":46,"column":22}},"loc":{"start":{"line":46,"column":27},"end":{"line":46,"column":55}},"line":46},"5":{"name":"(anonymous_5)","decl":{"start":{"line":54,"column":21},"end":{"line":54,"column":22}},"loc":{"start":{"line":54,"column":27},"end":{"line":54,"column":61}},"line":54},"6":{"name":"(anonymous_6)","decl":{"start":{"line":70,"column":21},"end":{"line":70,"column":22}},"loc":{"start":{"line":70,"column":27},"end":{"line":70,"column":64}},"line":70}},"branchMap":{},"s":{"0":0,"1":0,"2":0,"3":0,"4":0,"5":0,"6":0},"f":{"0":0,"1":0,"2":0,"3":0,"4":0,"5":0,"6":0},"b":{}}
,"/Users/sabathrodriguez/h2no/H2NO-Main/H2NO/components/registration_page.js": {"path":"/Users/sabathrodriguez/h2no/H2NO-Main/H2NO/components/registration_page.js","statementMap":{"0":{"start":{"line":22,"column":23},"end":{"line":266,"column":1}},"1":{"start":{"line":23,"column":28},"end":{"line":23,"column":40}},"2":{"start":{"line":24,"column":34},"end":{"line":24,"column":46}},"3":{"start":{"line":25,"column":48},"end":{"line":25,"column":60}},"4":{"start":{"line":26,"column":34},"end":{"line":26,"column":46}},"5":{"start":{"line":27,"column":24},"end":{"line":27,"column":36}},"6":{"start":{"line":28,"column":34},"end":{"line":28,"column":46}},"7":{"start":{"line":30,"column":2},"end":{"line":38,"column":9}},"8":{"start":{"line":31,"column":24},"end":{"line":35,"column":6}},"9":{"start":{"line":32,"column":6},"end":{"line":34,"column":7}},"10":{"start":{"line":33,"column":8},"end":{"line":33,"column":39}},"11":{"start":{"line":37,"column":4},"end":{"line":37,"column":23}},"12":{"start":{"line":40,"column":23},"end":{"line":107,"column":3}},"13":{"start":{"line":41,"column":4},"end":{"line":44,"column":5}},"14":{"start":{"line":42,"column":6},"end":{"line":42,"column":41}},"15":{"start":{"line":43,"column":6},"end":{"line":43,"column":13}},"16":{"start":{"line":45,"column":4},"end":{"line":48,"column":5}},"17":{"start":{"line":46,"column":6},"end":{"line":46,"column":39}},"18":{"start":{"line":47,"column":6},"end":{"line":47,"column":13}},"19":{"start":{"line":50,"column":4},"end":{"line":55,"column":5}},"20":{"start":{"line":50,"column":17},"end":{"line":50,"column":18}},"21":{"start":{"line":51,"column":6},"end":{"line":54,"column":7}},"22":{"start":{"line":52,"column":8},"end":{"line":52,"column":39}},"23":{"start":{"line":53,"column":8},"end":{"line":53,"column":15}},"24":{"start":{"line":57,"column":4},"end":{"line":62,"column":5}},"25":{"start":{"line":57,"column":17},"end":{"line":57,"column":18}},"26":{"start":{"line":58,"column":6},"end":{"line":61,"column":7}},"27":{"start":{"line":59,"column":8},"end":{"line":59,"column":49}},"28":{"start":{"line":60,"column":8},"end":{"line":60,"column":15}},"29":{"start":{"line":64,"column":4},"end":{"line":67,"column":5}},"30":{"start":{"line":65,"column":6},"end":{"line":65,"column":83}},"31":{"start":{"line":66,"column":6},"end":{"line":66,"column":13}},"32":{"start":{"line":69,"column":20},"end":{"line":69,"column":25}},"33":{"start":{"line":71,"column":14},"end":{"line":71,"column":103}},"34":{"start":{"line":73,"column":26},"end":{"line":73,"column":42}},"35":{"start":{"line":75,"column":4},"end":{"line":79,"column":7}},"36":{"start":{"line":76,"column":8},"end":{"line":76,"column":48}},"37":{"start":{"line":77,"column":8},"end":{"line":77,"column":25}},"38":{"start":{"line":78,"column":8},"end":{"line":78,"column":15}},"39":{"start":{"line":81,"column":4},"end":{"line":83,"column":5}},"40":{"start":{"line":82,"column":6},"end":{"line":82,"column":13}},"41":{"start":{"line":86,"column":4},"end":{"line":104,"column":46}},"42":{"start":{"line":89,"column":21},"end":{"line":89,"column":41}},"43":{"start":{"line":90,"column":8},"end":{"line":97,"column":11}},"44":{"start":{"line":99,"column":8},"end":{"line":102,"column":11}},"45":{"start":{"line":101,"column":10},"end":{"line":101,"column":43}},"46":{"start":{"line":104,"column":24},"end":{"line":104,"column":44}},"47":{"start":{"line":109,"column":2},"end":{"line":265,"column":4}},"48":{"start":{"line":152,"column":36},"end":{"line":152,"column":53}},"49":{"start":{"line":170,"column":36},"end":{"line":170,"column":50}},"50":{"start":{"line":188,"column":36},"end":{"line":188,"column":53}},"51":{"start":{"line":206,"column":36},"end":{"line":206,"column":53}},"52":{"start":{"line":225,"column":36},"end":{"line":225,"column":60}},"53":{"start":{"line":244,"column":36},"end":{"line":244,"column":48}},"54":{"start":{"line":259,"column":43},"end":{"line":259,"column":62}},"55":{"start":{"line":268,"column":15},"end":{"line":276,"column":2}}},"fnMap":{"0":{"name":"(anonymous_0)","decl":{"start":{"line":22,"column":23},"end":{"line":22,"column":24}},"loc":{"start":{"line":22,"column":43},"end":{"line":266,"column":1}},"line":22},"1":{"name":"(anonymous_1)","decl":{"start":{"line":30,"column":12},"end":{"line":30,"column":13}},"loc":{"start":{"line":30,"column":18},"end":{"line":38,"column":3}},"line":30},"2":{"name":"(anonymous_2)","decl":{"start":{"line":31,"column":48},"end":{"line":31,"column":49}},"loc":{"start":{"line":31,"column":58},"end":{"line":35,"column":5}},"line":31},"3":{"name":"(anonymous_3)","decl":{"start":{"line":40,"column":23},"end":{"line":40,"column":24}},"loc":{"start":{"line":40,"column":35},"end":{"line":107,"column":3}},"line":40},"4":{"name":"(anonymous_4)","decl":{"start":{"line":75,"column":26},"end":{"line":75,"column":27}},"loc":{"start":{"line":75,"column":35},"end":{"line":79,"column":5}},"line":75},"5":{"name":"(anonymous_5)","decl":{"start":{"line":88,"column":12},"end":{"line":88,"column":13}},"loc":{"start":{"line":88,"column":39},"end":{"line":103,"column":7}},"line":88},"6":{"name":"(anonymous_6)","decl":{"start":{"line":100,"column":14},"end":{"line":100,"column":15}},"loc":{"start":{"line":100,"column":20},"end":{"line":102,"column":9}},"line":100},"7":{"name":"(anonymous_7)","decl":{"start":{"line":104,"column":13},"end":{"line":104,"column":14}},"loc":{"start":{"line":104,"column":24},"end":{"line":104,"column":44}},"line":104},"8":{"name":"(anonymous_8)","decl":{"start":{"line":152,"column":26},"end":{"line":152,"column":27}},"loc":{"start":{"line":152,"column":36},"end":{"line":152,"column":53}},"line":152},"9":{"name":"(anonymous_9)","decl":{"start":{"line":170,"column":26},"end":{"line":170,"column":27}},"loc":{"start":{"line":170,"column":36},"end":{"line":170,"column":50}},"line":170},"10":{"name":"(anonymous_10)","decl":{"start":{"line":188,"column":26},"end":{"line":188,"column":27}},"loc":{"start":{"line":188,"column":36},"end":{"line":188,"column":53}},"line":188},"11":{"name":"(anonymous_11)","decl":{"start":{"line":206,"column":26},"end":{"line":206,"column":27}},"loc":{"start":{"line":206,"column":36},"end":{"line":206,"column":53}},"line":206},"12":{"name":"(anonymous_12)","decl":{"start":{"line":225,"column":26},"end":{"line":225,"column":27}},"loc":{"start":{"line":225,"column":36},"end":{"line":225,"column":60}},"line":225},"13":{"name":"(anonymous_13)","decl":{"start":{"line":244,"column":26},"end":{"line":244,"column":27}},"loc":{"start":{"line":244,"column":36},"end":{"line":244,"column":48}},"line":244},"14":{"name":"(anonymous_14)","decl":{"start":{"line":259,"column":37},"end":{"line":259,"column":38}},"loc":{"start":{"line":259,"column":43},"end":{"line":259,"column":62}},"line":259}},"branchMap":{"0":{"loc":{"start":{"line":32,"column":6},"end":{"line":34,"column":7}},"type":"if","locations":[{"start":{"line":32,"column":6},"end":{"line":34,"column":7}},{"start":{},"end":{}}],"line":32},"1":{"loc":{"start":{"line":41,"column":4},"end":{"line":44,"column":5}},"type":"if","locations":[{"start":{"line":41,"column":4},"end":{"line":44,"column":5}},{"start":{},"end":{}}],"line":41},"2":{"loc":{"start":{"line":41,"column":7},"end":{"line":41,"column":110}},"type":"binary-expr","locations":[{"start":{"line":41,"column":7},"end":{"line":41,"column":21}},{"start":{"line":41,"column":25},"end":{"line":41,"column":39}},{"start":{"line":41,"column":43},"end":{"line":41,"column":64}},{"start":{"line":41,"column":68},"end":{"line":41,"column":77}},{"start":{"line":41,"column":81},"end":{"line":41,"column":92}},{"start":{"line":41,"column":96},"end":{"line":41,"column":110}}],"line":41},"3":{"loc":{"start":{"line":45,"column":4},"end":{"line":48,"column":5}},"type":"if","locations":[{"start":{"line":45,"column":4},"end":{"line":48,"column":5}},{"start":{},"end":{}}],"line":45},"4":{"loc":{"start":{"line":51,"column":6},"end":{"line":54,"column":7}},"type":"if","locations":[{"start":{"line":51,"column":6},"end":{"line":54,"column":7}},{"start":{},"end":{}}],"line":51},"5":{"loc":{"start":{"line":51,"column":12},"end":{"line":51,"column":42}},"type":"binary-expr","locations":[{"start":{"line":51,"column":12},"end":{"line":51,"column":25}},{"start":{"line":51,"column":29},"end":{"line":51,"column":42}}],"line":51},"6":{"loc":{"start":{"line":58,"column":6},"end":{"line":61,"column":7}},"type":"if","locations":[{"start":{"line":58,"column":6},"end":{"line":61,"column":7}},{"start":{},"end":{}}],"line":58},"7":{"loc":{"start":{"line":58,"column":12},"end":{"line":58,"column":66}},"type":"binary-expr","locations":[{"start":{"line":58,"column":12},"end":{"line":58,"column":39}},{"start":{"line":58,"column":43},"end":{"line":58,"column":66}}],"line":58},"8":{"loc":{"start":{"line":64,"column":4},"end":{"line":67,"column":5}},"type":"if","locations":[{"start":{"line":64,"column":4},"end":{"line":67,"column":5}},{"start":{},"end":{}}],"line":64},"9":{"loc":{"start":{"line":81,"column":4},"end":{"line":83,"column":5}},"type":"if","locations":[{"start":{"line":81,"column":4},"end":{"line":83,"column":5}},{"start":{},"end":{}}],"line":81}},"s":{"0":0,"1":0,"2":0,"3":0,"4":0,"5":0,"6":0,"7":0,"8":0,"9":0,"10":0,"11":0,"12":0,"13":0,"14":0,"15":0,"16":0,"17":0,"18":0,"19":0,"20":0,"21":0,"22":0,"23":0,"24":0,"25":0,"26":0,"27":0,"28":0,"29":0,"30":0,"31":0,"32":0,"33":0,"34":0,"35":0,"36":0,"37":0,"38":0,"39":0,"40":0,"41":0,"42":0,"43":0,"44":0,"45":0,"46":0,"47":0,"48":0,"49":0,"50":0,"51":0,"52":0,"53":0,"54":0,"55":0},"f":{"0":0,"1":0,"2":0,"3":0,"4":0,"5":0,"6":0,"7":0,"8":0,"9":0,"10":0,"11":0,"12":0,"13":0,"14":0},"b":{"0":[0,0],"1":[0,0],"2":[0,0,0,0,0,0],"3":[0,0],"4":[0,0],"5":[0,0],"6":[0,0],"7":[0,0],"8":[0,0],"9":[0,0]}}
,"/Users/sabathrodriguez/h2no/H2NO-Main/H2NO/components/smart_home_add_light.js": {"path":"/Users/sabathrodriguez/h2no/H2NO-Main/H2NO/components/smart_home_add_light.js","statementMap":{"0":{"start":{"line":9,"column":14},"end":{"line":34,"column":1}},"1":{"start":{"line":10,"column":4},"end":{"line":33,"column":5}},"2":{"start":{"line":14,"column":16},"end":{"line":26,"column":19}},"3":{"start":{"line":36,"column":18},"end":{"line":45,"column":1}},"4":{"start":{"line":37,"column":4},"end":{"line":44,"column":23}},"5":{"start":{"line":49,"column":36},"end":{"line":49,"column":54}},"6":{"start":{"line":50,"column":38},"end":{"line":50,"column":66}},"7":{"start":{"line":51,"column":38},"end":{"line":51,"column":66}},"8":{"start":{"line":52,"column":34},"end":{"line":52,"column":49}},"9":{"start":{"line":53,"column":35},"end":{"line":53,"column":87}},"10":{"start":{"line":54,"column":46},"end":{"line":54,"column":58}},"11":{"start":{"line":55,"column":19},"end":{"line":55,"column":50}},"12":{"start":{"line":56,"column":22},"end":{"line":56,"column":56}},"13":{"start":{"line":61,"column":25},"end":{"line":64,"column":7}},"14":{"start":{"line":66,"column":6},"end":{"line":81,"column":11}},"15":{"start":{"line":67,"column":26},"end":{"line":67,"column":41}},"16":{"start":{"line":69,"column":12},"end":{"line":69,"column":60}},"17":{"start":{"line":70,"column":12},"end":{"line":76,"column":13}},"18":{"start":{"line":71,"column":16},"end":{"line":71,"column":53}},"19":{"start":{"line":73,"column":16},"end":{"line":73,"column":39}},"20":{"start":{"line":75,"column":16},"end":{"line":75,"column":48}},"21":{"start":{"line":79,"column":12},"end":{"line":79,"column":39}},"22":{"start":{"line":82,"column":8},"end":{"line":82,"column":40}},"23":{"start":{"line":86,"column":20},"end":{"line":86,"column":33}},"24":{"start":{"line":87,"column":4},"end":{"line":87,"column":57}},"25":{"start":{"line":89,"column":14},"end":{"line":92,"column":6}},"26":{"start":{"line":94,"column":25},"end":{"line":99,"column":5}},"27":{"start":{"line":101,"column":4},"end":{"line":111,"column":9}},"28":{"start":{"line":102,"column":24},"end":{"line":102,"column":39}},"29":{"start":{"line":104,"column":8},"end":{"line":104,"column":28}},"30":{"start":{"line":105,"column":18},"end":{"line":105,"column":40}},"31":{"start":{"line":106,"column":18},"end":{"line":106,"column":104}},"32":{"start":{"line":107,"column":8},"end":{"line":107,"column":26}},"33":{"start":{"line":110,"column":8},"end":{"line":110,"column":36}},"34":{"start":{"line":115,"column":24},"end":{"line":115,"column":37}},"35":{"start":{"line":116,"column":8},"end":{"line":116,"column":59}},"36":{"start":{"line":118,"column":29},"end":{"line":122,"column":11}},"37":{"start":{"line":124,"column":8},"end":{"line":134,"column":13}},"38":{"start":{"line":125,"column":28},"end":{"line":125,"column":43}},"39":{"start":{"line":127,"column":12},"end":{"line":127,"column":32}},"40":{"start":{"line":128,"column":12},"end":{"line":130,"column":13}},"41":{"start":{"line":128,"column":25},"end":{"line":128,"column":26}},"42":{"start":{"line":129,"column":16},"end":{"line":129,"column":115}},"43":{"start":{"line":133,"column":12},"end":{"line":133,"column":39}},"44":{"start":{"line":140,"column":8},"end":{"line":199,"column":9}},"45":{"start":{"line":141,"column":20},"end":{"line":141,"column":142}},"46":{"start":{"line":142,"column":21},"end":{"line":142,"column":33}},"47":{"start":{"line":143,"column":23},"end":{"line":152,"column":21}},"48":{"start":{"line":153,"column":8},"end":{"line":153,"column":29}},"49":{"start":{"line":154,"column":8},"end":{"line":154,"column":59}},"50":{"start":{"line":155,"column":8},"end":{"line":155,"column":42}},"51":{"start":{"line":156,"column":23},"end":{"line":156,"column":66}},"52":{"start":{"line":157,"column":24},"end":{"line":157,"column":44}},"53":{"start":{"line":158,"column":8},"end":{"line":195,"column":9}},"54":{"start":{"line":160,"column":36},"end":{"line":160,"column":57}},"55":{"start":{"line":161,"column":24},"end":{"line":161,"column":25}},"56":{"start":{"line":162,"column":12},"end":{"line":166,"column":13}},"57":{"start":{"line":162,"column":25},"end":{"line":162,"column":26}},"58":{"start":{"line":163,"column":16},"end":{"line":165,"column":17}},"59":{"start":{"line":164,"column":20},"end":{"line":164,"column":56}},"60":{"start":{"line":167,"column":12},"end":{"line":175,"column":15}},"61":{"start":{"line":176,"column":12},"end":{"line":178,"column":14}},"62":{"start":{"line":182,"column":12},"end":{"line":194,"column":15}},"63":{"start":{"line":196,"column":8},"end":{"line":196,"column":28}},"64":{"start":{"line":198,"column":12},"end":{"line":198,"column":48}},"65":{"start":{"line":202,"column":4},"end":{"line":299,"column":6}},"66":{"start":{"line":212,"column":39},"end":{"line":212,"column":51}},"67":{"start":{"line":233,"column":39},"end":{"line":233,"column":53}},"68":{"start":{"line":253,"column":38},"end":{"line":253,"column":48}},"69":{"start":{"line":265,"column":38},"end":{"line":265,"column":50}},"70":{"start":{"line":291,"column":31},"end":{"line":291,"column":47}},"71":{"start":{"line":292,"column":30},"end":{"line":292,"column":47}},"72":{"start":{"line":294,"column":20},"end":{"line":294,"column":49}},"73":{"start":{"line":301,"column":15},"end":{"line":326,"column":2}}},"fnMap":{"0":{"name":"(anonymous_0)","decl":{"start":{"line":9,"column":14},"end":{"line":9,"column":15}},"loc":{"start":{"line":9,"column":87},"end":{"line":34,"column":1}},"line":9},"1":{"name":"(anonymous_1)","decl":{"start":{"line":12,"column":39},"end":{"line":12,"column":40}},"loc":{"start":{"line":12,"column":45},"end":{"line":27,"column":17}},"line":12},"2":{"name":"(anonymous_2)","decl":{"start":{"line":36,"column":18},"end":{"line":36,"column":19}},"loc":{"start":{"line":37,"column":4},"end":{"line":44,"column":23}},"line":37},"3":{"name":"AddLight","decl":{"start":{"line":48,"column":24},"end":{"line":48,"column":32}},"loc":{"start":{"line":48,"column":47},"end":{"line":300,"column":1}},"line":48},"4":{"name":"getLocalIP","decl":{"start":{"line":59,"column":9},"end":{"line":59,"column":19}},"loc":{"start":{"line":59,"column":22},"end":{"line":83,"column":1}},"line":59},"5":{"name":"(anonymous_5)","decl":{"start":{"line":67,"column":14},"end":{"line":67,"column":15}},"loc":{"start":{"line":67,"column":26},"end":{"line":67,"column":41}},"line":67},"6":{"name":"(anonymous_6)","decl":{"start":{"line":68,"column":14},"end":{"line":68,"column":15}},"loc":{"start":{"line":68,"column":24},"end":{"line":77,"column":9}},"line":68},"7":{"name":"(anonymous_7)","decl":{"start":{"line":78,"column":15},"end":{"line":78,"column":16}},"loc":{"start":{"line":78,"column":24},"end":{"line":81,"column":9}},"line":78},"8":{"name":"getBridgeKey","decl":{"start":{"line":85,"column":9},"end":{"line":85,"column":21}},"loc":{"start":{"line":85,"column":24},"end":{"line":112,"column":1}},"line":85},"9":{"name":"(anonymous_9)","decl":{"start":{"line":102,"column":12},"end":{"line":102,"column":13}},"loc":{"start":{"line":102,"column":24},"end":{"line":102,"column":39}},"line":102},"10":{"name":"(anonymous_10)","decl":{"start":{"line":103,"column":12},"end":{"line":103,"column":13}},"loc":{"start":{"line":103,"column":22},"end":{"line":108,"column":7}},"line":103},"11":{"name":"(anonymous_11)","decl":{"start":{"line":109,"column":13},"end":{"line":109,"column":14}},"loc":{"start":{"line":109,"column":22},"end":{"line":111,"column":7}},"line":109},"12":{"name":"FindLights","decl":{"start":{"line":114,"column":19},"end":{"line":114,"column":29}},"loc":{"start":{"line":114,"column":32},"end":{"line":135,"column":5}},"line":114},"13":{"name":"(anonymous_13)","decl":{"start":{"line":125,"column":16},"end":{"line":125,"column":17}},"loc":{"start":{"line":125,"column":28},"end":{"line":125,"column":43}},"line":125},"14":{"name":"(anonymous_14)","decl":{"start":{"line":126,"column":16},"end":{"line":126,"column":17}},"loc":{"start":{"line":126,"column":26},"end":{"line":131,"column":11}},"line":126},"15":{"name":"(anonymous_15)","decl":{"start":{"line":132,"column":17},"end":{"line":132,"column":18}},"loc":{"start":{"line":132,"column":26},"end":{"line":134,"column":11}},"line":132},"16":{"name":"AddLight","decl":{"start":{"line":139,"column":19},"end":{"line":139,"column":27}},"loc":{"start":{"line":139,"column":30},"end":{"line":200,"column":5}},"line":139},"17":{"name":"(anonymous_17)","decl":{"start":{"line":212,"column":32},"end":{"line":212,"column":33}},"loc":{"start":{"line":212,"column":38},"end":{"line":212,"column":52}},"line":212},"18":{"name":"(anonymous_18)","decl":{"start":{"line":233,"column":32},"end":{"line":233,"column":33}},"loc":{"start":{"line":233,"column":38},"end":{"line":233,"column":54}},"line":233},"19":{"name":"(anonymous_19)","decl":{"start":{"line":253,"column":32},"end":{"line":253,"column":33}},"loc":{"start":{"line":253,"column":38},"end":{"line":253,"column":48}},"line":253},"20":{"name":"(anonymous_20)","decl":{"start":{"line":265,"column":32},"end":{"line":265,"column":33}},"loc":{"start":{"line":265,"column":38},"end":{"line":265,"column":50}},"line":265},"21":{"name":"(anonymous_21)","decl":{"start":{"line":291,"column":25},"end":{"line":291,"column":26}},"loc":{"start":{"line":291,"column":31},"end":{"line":291,"column":47}},"line":291},"22":{"name":"(anonymous_22)","decl":{"start":{"line":292,"column":24},"end":{"line":292,"column":25}},"loc":{"start":{"line":292,"column":30},"end":{"line":292,"column":47}},"line":292},"23":{"name":"(anonymous_23)","decl":{"start":{"line":293,"column":26},"end":{"line":293,"column":27}},"loc":{"start":{"line":293,"column":34},"end":{"line":296,"column":13}},"line":293}},"branchMap":{"0":{"loc":{"start":{"line":70,"column":12},"end":{"line":76,"column":13}},"type":"if","locations":[{"start":{"line":70,"column":12},"end":{"line":76,"column":13}},{"start":{"line":74,"column":19},"end":{"line":76,"column":13}}],"line":70},"1":{"loc":{"start":{"line":140,"column":8},"end":{"line":199,"column":9}},"type":"if","locations":[{"start":{"line":140,"column":8},"end":{"line":199,"column":9}},{"start":{"line":197,"column":15},"end":{"line":199,"column":9}}],"line":140},"2":{"loc":{"start":{"line":158,"column":8},"end":{"line":195,"column":9}},"type":"if","locations":[{"start":{"line":158,"column":8},"e
[...]
{"line":24,"column":114}},"5":{"start":{"line":26,"column":100},"end":{"line":26,"column":133}},"6":{"start":{"line":28,"column":92},"end":{"line":28,"column":121}},"7":{"start":{"line":30,"column":92},"end":{"line":30,"column":121}},"8":{"start":{"line":32,"column":98},"end":{"line":32,"column":130}},"9":{"start":{"line":34,"column":95},"end":{"line":34,"column":127}},"10":{"start":{"line":41,"column":28},"end":{"line":41,"column":34}},"11":{"start":{"line":42,"column":15},"end":{"line":160,"column":6}}},"fnMap":{"0":{"name":"SmartHomePage","decl":{"start":{"line":5,"column":24},"end":{"line":5,"column":37}},"loc":{"start":{"line":5,"column":52},"end":{"line":38,"column":1}},"line":5},"1":{"name":"(anonymous_1)","decl":{"start":{"line":9,"column":22},"end":{"line":9,"column":23}},"loc":{"start":{"line":10,"column":8},"end":{"line":12,"column":27}},"line":10},"2":{"name":"(anonymous_2)","decl":{"start":{"line":22,"column":94},"end":{"line":22,"column":95}},"loc":{"start":{"line":22,"column":100},"end":{"line":22,"column":133}},"line":22},"3":{"name":"(anonymous_3)","decl":{"start":{"line":24,"column":82},"end":{"line":24,"column":83}},"loc":{"start":{"line":24,"column":88},"end":{"line":24,"column":114}},"line":24},"4":{"name":"(anonymous_4)","decl":{"start":{"line":26,"column":94},"end":{"line":26,"column":95}},"loc":{"start":{"line":26,"column":100},"end":{"line":26,"column":133}},"line":26},"5":{"name":"(anonymous_5)","decl":{"start":{"line":28,"column":86},"end":{"line":28,"column":87}},"loc":{"start":{"line":28,"column":92},"end":{"line":28,"column":121}},"line":28},"6":{"name":"(anonymous_6)","decl":{"start":{"line":30,"column":86},"end":{"line":30,"column":87}},"loc":{"start":{"line":30,"column":92},"end":{"line":30,"column":121}},"line":30},"7":{"name":"(anonymous_7)","decl":{"start":{"line":32,"column":92},"end":{"line":32,"column":93}},"loc":{"start":{"line":32,"column":98},"end":{"line":32,"column":130}},"line":32},"8":{"name":"(anonymous_8)","decl":{"start":{"line":34,"column":89},"end":{"line":34,"column":90}},"loc":{"start":{"line":34,"column":95},"end":{"line":34,"column":127}},"line":34}},"branchMap":{},"s":{"0":2,"1":14,"2":2,"3":0,"4":0,"5":0,"6":0,"7":0,"8":0,"9":0,"10":1,"11":1},"f":{"0":2,"1":14,"2":0,"3":0,"4":0,"5":0,"6":0,"7":0,"8":0},"b":{},"_coverageSchema":"1a1c01bbd47fc00a2c39e90264f33305004495a9","hash":"5d0908984d98bd65b2127aeeeedfc7376d8941ee"}
,"/Users/sabathrodriguez/h2no/H2NO-Main/H2NO/components/smart_home_sprinklers.js": {"path":"/Users/sabathrodriguez/h2no/H2NO-Main/H2NO/components/smart_home_sprinklers.js","statementMap":{"0":{"start":{"line":9,"column":41},"end":{"line":9,"column":86}},"1":{"start":{"line":10,"column":55},"end":{"line":10,"column":67}},"2":{"start":{"line":11,"column":51},"end":{"line":11,"column":63}},"3":{"start":{"line":12,"column":65},"end":{"line":12,"column":103}},"4":{"start":{"line":13,"column":71},"end":{"line":13,"column":105}},"5":{"start":{"line":17,"column":22},"end":{"line":21,"column":5}},"6":{"start":{"line":18,"column":8},"end":{"line":20,"column":27}},"7":{"start":{"line":23,"column":4},"end":{"line":116,"column":5}},"8":{"start":{"line":109,"column":39},"end":{"line":109,"column":75}},"9":{"start":{"line":119,"column":15},"end":{"line":126,"column":2}}},"fnMap":{"0":{"name":"Sprinklers","decl":{"start":{"line":8,"column":24},"end":{"line":8,"column":34}},"loc":{"start":{"line":8,"column":37},"end":{"line":117,"column":1}},"line":8},"1":{"name":"(anonymous_1)","decl":{"start":{"line":17,"column":22},"end":{"line":17,"column":23}},"loc":{"start":{"line":18,"column":8},"end":{"line":20,"column":27}},"line":18},"2":{"name":"(anonymous_2)","decl":{"start":{"line":109,"column":33},"end":{"line":109,"column":34}},"loc":{"start":{"line":109,"column":39},"end":{"line":109,"column":75}},"line":109}},"branchMap":{},"s":{"0":0,"1":0,"2":0,"3":0,"4":0,"5":0,"6":0,"7":0,"8":0,"9":0},"f":{"0":0,"1":0,"2":0},"b":{}}
,"/Users/sabathrodriguez/h2no/H2NO-Main/H2NO/components/smart_home_thermostat.js": {"path":"/Users/sabathrodriguez/h2no/H2NO-Main/H2NO/components/smart_home_thermostat.js","statementMap":{"0":{"start":{"line":9,"column":26},"end":{"line":9,"column":38}},"1":{"start":{"line":11,"column":26},"end":{"line":11,"column":46}},"2":{"start":{"line":15,"column":4},"end":{"line":19,"column":7}},"3":{"start":{"line":16,"column":16},"end":{"line":16,"column":26}},"4":{"start":{"line":18,"column":6},"end":{"line":18,"column":28}},"5":{"start":{"line":24,"column":22},"end":{"line":28,"column":3}},"6":{"start":{"line":25,"column":6},"end":{"line":27,"column":25}},"7":{"start":{"line":30,"column":2},"end":{"line":59,"column":4}},"8":{"start":{"line":39,"column":32},"end":{"line":39,"column":46}},"9":{"start":{"line":57,"column":87},"end":{"line":57,"column":114}},"10":{"start":{"line":63,"column":28},"end":{"line":63,"column":37}},"11":{"start":{"line":65,"column":15},"end":{"line":128,"column":2}}},"fnMap":{"0":{"name":"Thermostat","decl":{"start":{"line":7,"column":24},"end":{"line":7,"column":34}},"loc":{"start":{"line":7,"column":37},"end":{"line":60,"column":1}},"line":7},"1":{"name":"getThermostatData","decl":{"start":{"line":13,"column":11},"end":{"line":13,"column":28}},"loc":{"start":{"line":13,"column":31},"end":{"line":20,"column":3}},"line":13},"2":{"name":"(anonymous_2)","decl":{"start":{"line":16,"column":9},"end":{"line":16,"column":10}},"loc":{"start":{"line":16,"column":16},"end":{"line":16,"column":26}},"line":16},"3":{"name":"(anonymous_3)","decl":{"start":{"line":17,"column":9},"end":{"line":17,"column":10}},"loc":{"start":{"line":17,"column":17},"end":{"line":19,"column":5}},"line":17},"4":{"name":"(anonymous_4)","decl":{"start":{"line":24,"column":22},"end":{"line":24,"column":23}},"loc":{"start":{"line":25,"column":6},"end":{"line":27,"column":25}},"line":25},"5":{"name":"(anonymous_5)","decl":{"start":{"line":39,"column":23},"end":{"line":39,"column":24}},"loc":{"start":{"line":39,"column":32},"end":{"line":39,"column":46}},"line":39},"6":{"name":"(anonymous_6)","decl":{"start":{"line":57,"column":81},"end":{"line":57,"column":82}},"loc":{"start":{"line":57,"column":87},"end":{"line":57,"column":114}},"line":57}},"branchMap":{},"s":{"0":0,"1":0,"2":0,"3":0,"4":0,"5":0,"6":0,"7":0,"8":0,"9":0,"10":0,"11":0},"f":{"0":0,"1":0,"2":0,"3":0,"4":0,"5":0,"6":0},"b":{}}
,"/Users/sabathrodriguez/h2no/H2NO-Main/H2NO/components/social_page.js": {"path":"/Users/sabathrodriguez/h2no/H2NO-Main/H2NO/components/social_page.js","statementMap":{"0":{"start":{"line":11,"column":15},"end":{"line":24,"column":3}},"1":{"start":{"line":12,"column":4},"end":{"line":23,"column":23}},"2":{"start":{"line":47,"column":15},"end":{"line":47,"column":44}},"3":{"start":{"line":48,"column":13},"end":{"line":48,"column":43}},"4":{"start":{"line":49,"column":14},"end":{"line":49,"column":39}},"5":{"start":{"line":51,"column":18},"end":{"line":51,"column":30}},"6":{"start":{"line":52,"column":18},"end":{"line":52,"column":30}},"7":{"start":{"line":54,"column":4},"end":{"line":54,"column":95}},"8":{"start":{"line":57,"column":19},"end":{"line":161,"column":1}},"9":{"start":{"line":58,"column":36},"end":{"line":58,"column":48}},"10":{"start":{"line":60,"column":25},"end":{"line":77,"column":5}},"11":{"start":{"line":61,"column":18},"end":{"line":61,"column":20}},"12":{"start":{"line":63,"column":16},"end":{"line":63,"column":71}},"13":{"start":{"line":65,"column":28},"end":{"line":65,"column":44}},"14":{"start":{"line":67,"column":6},"end":{"line":74,"column":9}},"15":{"start":{"line":68,"column":10},"end":{"line":73,"column":13}},"16":{"start":{"line":76,"column":6},"end":{"line":76,"column":22}},"17":{"start":{"line":79,"column":4},"end":{"line":81,"column":11}},"18":{"start":{"line":80,"column":6},"end":{"line":80,"column":21}},"19":{"start":{"line":83,"column":40},"end":{"line":83,"column":50}},"20":{"start":{"line":85,"column":23},"end":{"line":96,"column":5}},"21":{"start":{"line":86,"column":32},"end":{"line":86,"column":78}},"22":{"start":{"line":87,"column":22},"end":{"line":87,"column":64}},"23":{"start":{"line":88,"column":8},"end":{"line":95,"column":10}},"24":{"start":{"line":91,"column":27},"end":{"line":91,"column":49}},"25":{"start":{"line":98,"column":4},"end":{"line":160,"column":4}},"26":{"start":{"line":112,"column":40},"end":{"line":112,"column":71}},"27":{"start":{"line":125,"column":38},"end":{"line":125,"column":45}},"28":{"start":{"line":165,"column":15},"end":{"line":207,"column":4}}},"fnMap":{"0":{"name":"(anonymous_0)","decl":{"start":{"line":11,"column":15},"end":{"line":11,"column":16}},"loc":{"start":{"line":12,"column":4},"end":{"line":23,"column":23}},"line":12},"1":{"name":"convertDate","decl":{"start":{"line":46,"column":11},"end":{"line":46,"column":22}},"loc":{"start":{"line":46,"column":29},"end":{"line":55,"column":3}},"line":46},"2":{"name":"(anonymous_2)","decl":{"start":{"line":57,"column":19},"end":{"line":57,"column":20}},"loc":{"start":{"line":57,"column":37},"end":{"line":161,"column":1}},"line":57},"3":{"name":"(anonymous_3)","decl":{"start":{"line":60,"column":25},"end":{"line":60,"column":26}},"loc":{"start":{"line":60,"column":37},"end":{"line":77,"column":5}},"line":60},"4":{"name":"(anonymous_4)","decl":{"start":{"line":67,"column":28},"end":{"line":67,"column":29}},"loc":{"start":{"line":67,"column":37},"end":{"line":74,"column":7}},"line":67},"5":{"name":"(anonymous_5)","decl":{"start":{"line":79,"column":14},"end":{"line":79,"column":15}},"loc":{"start":{"line":79,"column":20},"end":{"line":81,"column":5}},"line":79},"6":{"name":"(anonymous_6)","decl":{"start":{"line":85,"column":23},"end":{"line":85,"column":24}},"loc":{"start":{"line":85,"column":35},"end":{"line":96,"column":5}},"line":85},"7":{"name":"(anonymous_7)","decl":{"start":{"line":91,"column":21},"end":{"line":91,"column":22}},"loc":{"start":{"line":91,"column":27},"end":{"line":91,"column":49}},"line":91},"8":{"name":"(anonymous_8)","decl":{"start":{"line":112,"column":23},"end":{"line":112,"column":24}},"loc":{"start":{"line":112,"column":40},"end":{"line":112,"column":71}},"line":112},"9":{"name":"(anonymous_9)","decl":{"start":{"line":125,"column":30},"end":{"line":125,"column":31}},"loc":{"start":{"line":125,"column":38},"end":{"line":125,"column":45}},"line":125}},"branchMap":{"0":{"loc":{"start":{"line":54,"column":12},"end":{"line":54,"column":40}},"type":"cond-expr","locations":[{"start":{"line":54,"column":23},"end":{"line":54,"column":25}},{"start":{"line":54,"column":26},"end":{"line":54,"column":40}}],"line":54},"1":{"loc":{"start":{"line":54,"column":52},"end":{"line":54,"column":80}},"type":"cond-expr","locations":[{"start":{"line":54,"column":63},"end":{"line":54,"column":65}},{"start":{"line":54,"column":66},"end":{"line":54,"column":80}}],"line":54},"2":{"loc":{"start":{"line":86,"column":32},"end":{"line":86,"column":78}},"type":"cond-expr","locations":[{"start":{"line":86,"column":57},"end":{"line":86,"column":66}},{"start":{"line":86,"column":69},"end":{"line":86,"column":78}}],"line":86},"3":{"loc":{"start":{"line":87,"column":22},"end":{"line":87,"column":64}},"type":"cond-expr","locations":[{"start":{"line":87,"column":47},"end":{"line":87,"column":54}},{"start":{"line":87,"column":57},"end":{"line":87,"column":64}}],"line":87},"4":{"loc":{"start":{"line":112,"column":24},"end":{"line":112,"column":35}},"type":"default-arg","locations":[{"start":{"line":112,"column":34},"end":{"line":112,"column":35}}],"line":112},"5":{"loc":{"start":{"line":168,"column":17},"end":{"line":168,"column":45}},"type":"binary-expr","locations":[{"start":{"line":168,"column":17},"end":{"line":168,"column":40}},{"start":{"line":168,"column":44},"end":{"line":168,"column":45}}],"line":168}},"s":{"0":0,"1":0,"2":0,"3":0,"4":0,"5":0,"6":0,"7":0,"8":0,"9":0,"10":0,"11":0,"12":0,"13":0,"14":0,"15":0,"16":0,"17":0,"18":0,"19":0,"20":0,"21":0,"22":0,"23":0,"24":0,"25":0,"26":0,"27":0,"28":0},"f":{"0":0,"1":0,"2":0,"3":0,"4":0,"5":0,"6":0,"7":0,"8":0,"9":0},"b":{"0":[0,0],"1":[0,0],"2":[0,0],"3":[0,0],"4":[0],"5":[0,0]}}
,"/Users/sabathrodriguez/h2no/H2NO-Main/H2NO/components/water_page.js": {"path":"/Users/sabathrodriguez/h2no/H2NO-Main/H2NO/components/water_page.js","statementMap":{"0":{"start":{"line":30,"column":20},"end":{"line":224,"column":1}},"1":{"start":{"line":31,"column":2},"end":{"line":31,"column":25}},"2":{"start":{"line":32,"column":20},"end":{"line":32,"column":59}},"3":{"start":{"line":32,"column":26},"end":{"line":32,"column":59}},"4":{"start":{"line":34,"column":17},"end":{"line":77,"column":4}},"5":{"start":{"line":79,"column":22},"end":{"line":88,"column":3}},"6":{"start":{"line":84,"column":28},"end":{"line":84,"column":55}},"7":{"start":{"line":90,"column":38},"end":{"line":90,"column":50}},"8":{"start":{"line":92,"column":34},"end":{"line":100,"column":4}},"9":{"start":{"line":102,"column":23},"end":{"line":146,"column":3}},"10":{"start":{"line":103,"column":22},"end":{"line":103,"column":24}},"11":{"start":{"line":105,"column":14},"end":{"line":108,"column":5}},"12":{"start":{"line":110,"column":26},"end":{"line":110,"column":42}},"13":{"start":{"line":112,"column":4},"end":{"line":114,"column":7}},"14":{"start":{"line":113,"column":6},"end":{"line":113,"column":78}},"15":{"start":{"line":115,"column":4},"end":{"line":115,"column":28}},"16":{"start":{"line":117,"column":23},"end":{"line":117,"column":67}},"17":{"start":{"line":118,"column":24},"end":{"line":118,"column":48}},"18":{"start":{"line":119,"column":4},"end":{"line":145,"column":5}},"19":{"start":{"line":120,"column":24},"end":{"line":120,"column":60}},"20":{"start":{"line":121,"column":25},"end":{"line":121,"column":48}},"21":{"start":{"line":124,"column":8},"end":{"line":124,"column":70}},"22":{"start":{"line":126,"column":8},"end":{"line":126,"column":76}},"23":{"start":{"line":128,"column":8},"end":{"line":128,"column":73}},"24":{"start":{"line":130,"column":8},"end":{"line":132,"column":9}},"25":{"start":{"line":134,"column":27},"end":{"line":142,"column":7}},"26":{"start":{"line":144,"column":6},"end":{"line":144,"column":29}},"27":{"start":{"line":148,"column":2},"end":{"line":150,"column":9}},"28":{"start":{"line":149,"column":4},"end":{"line":149,"column":19}},"29":{"start":{"line":152,"column":38},"end":{"line":152,"column":59}},"30":{"start":{"line":154,"column":20},"end":{"line":161,"column":8}},"31":{"start":{"line":155,"column":4},"end":{"line":155,"column":24}},"32":{"start":{"line":156,"column":4},"end":{"line":158,"column":13}},"33":{"start":{"line":157,"column":6},"end":{"line":157,"column":27}},"34":{"start":{"line":159,"column":4},"end":{"line":159,"column":19}},"35":{"start":{"line":160,"column":4},"end":{"line":160,"column":25}},"36":{"start":{"line":164,"column":2},"end":{"line":223,"column":4}},"37":{"start":{"line":180,"column":27},"end":{"line":180,"column":58}},"38":{"start":{"line":214,"column":27},"end":{"line":214,"column":62}}},"fnMap":{"0":{"name":"(anonymous_0)","decl":{"start":{"line":30,"column":20},"end":{"line":30,"column":21}},"loc":{"start":{"line":30,"column":40},"end":{"line":224,"column":1}},"line":30},"1":{"name":"(anonymous_1)","decl":{"start":{"line":32,"column":20},"end":{"line":32,"column":21}},"loc":{"start":{"line":32,"column":26},"end":{"line":32,"column":59}},"line":32},"2":{"name":"(anonymous_2)","decl":{"start":{"line":84,"column":11},"end":{"line":84,"column":12}},"loc":{"start":{"line":84,"column":28},"end":{"line":84,"column":55}},"line":84},"3":{"name":"(anonymous_3)","decl":{"start":{"line":102,"column":23},"end":{"line":102,"column":24}},"loc":{"start":{"line":102,"column":35},"end":{"line":146,"column":3}},"line":102},"4":{"name":"(anonymous_4)","decl":{"start":{"line":112,"column":26},"end":{"line":112,"column":27}},"loc":{"start":{"line":112,"column":35},"end":{"line":114,"column":5}},"line":112},"5":{"name":"(anonymous_5)","decl":{"start":{"line":148,"column":12},"end":{"line":148,"column":13}},"loc":{"start":{"line":148,"column":18},"end":{"line":150,"column":3}},"line":148},"6":{"name":"(anonymous_6)","decl":{"start":{"line":154,"column":38},"end":{"line":154,"column":39}},"loc":{"start":{"line":154,"column":44},"end":{"line":161,"column":3}},"line":154},"7":{"name":"(anonymous_7)","decl":{"start":{"line":156,"column":15},"end":{"line":156,"column":16}},"loc":{"start":{"line":156,"column":21},"end":{"line":158,"column":5}},"line":156},"8":{"name":"(anonymous_8)","decl":{"start":{"line":180,"column":21},"end":{"line":180,"column":22}},"loc":{"start":{"line":180,"column":27},"end":{"line":180,"column":58}},"line":180},"9":{"name":"(anonymous_9)","decl":{"start":{"line":214,"column":21},"end":{"line":214,"column":22}},"loc":{"start":{"line":214,"column":27},"end":{"line":214,"column":62}},"line":214}},"branchMap":{"0":{"loc":{"start":{"line":84,"column":12},"end":{"line":84,"column":23}},"type":"default-arg","locations":[{"start":{"line":84,"column":22},"end":{"line":84,"column":23}}],"line":84},"1":{"loc":{"start":{"line":119,"column":4},"end":{"line":145,"column":5}},"type":"if","locations":[{"start":{"line":119,"column":4},"end":{"line":145,"column":5}},{"start":{},"end":{}}],"line":119}},"s":{"0":0,"1":0,"2":0,"3":0,"4":0,"5":0,"6":0,"7":0,"8":0,"9":0,"10":0,"11":0,"12":0,"13":0,"14":0,"15":0,"16":0,"17":0,"18":0,"19":0,"20":0,"21":0,"22":0,"23":0,"24":0,"25":0,"26":0,"27":0,"28":0,"29":0,"30":0,"31":0,"32":0,"33":0,"34":0,"35":0,"36":0,"37":0,"38":0},"f":{"0":0,"1":0,"2":0,"3":0,"4":0,"5":0,"6":0,"7":0,"8":0,"9":0},"b":{"0":[0],"1":[0,0]}}
,"/Users/sabathrodriguez/h2no/H2NO-Main/H2NO/components/additional_files/custom_button.js": {"path":"/Users/sabathrodriguez/h2no/H2NO-Main/H2NO/components/additional_files/custom_button.js","statementMap":{"0":{"start":{"line":5,"column":2},"end":{"line":24,"column":4}}},"fnMap":{"0":{"name":"CustomButtons","decl":{"start":{"line":4,"column":24},"end":{"line":4,"column":37}},"loc":{"start":{"line":4,"column":56},"end":{"line":25,"column":1}},"line":4}},"branchMap":{},"s":{"0":0},"f":{"0":0},"b":{}}
,"/Users/sabathrodriguez/h2no/H2NO-Main/H2NO/components/additional_files/input.js": {"path":"/Users/sabathrodriguez/h2no/H2NO-Main/H2NO/components/additional_files/input.js","statementMap":{"0":{"start":{"line":12,"column":2},"end":{"line":40,"column":4}}},"fnMap":{"0":{"name":"Input","decl":{"start":{"line":4,"column":24},"end":{"line":4,"column":29}},"loc":{"start":{"line":11,"column":3},"end":{"line":41,"column":1}},"line":11}},"branchMap":{"0":{"loc":{"start":{"line":22,"column":7},"end":{"line":35,"column":7}},"type":"cond-expr","locations":[{"start":{"line":23,"column":8},"end":{"line":28,"column":10}},{"start":{"line":30,"column":8},"end":{"line":34,"column":10}}],"line":22}},"s":{"0":0},"f":{"0":0},"b":{"0":[0,0]}}
,"/Users/sabathrodriguez/h2no/H2NO-Main/H2NO/routes/homestack.js": {"path":"/Users/sabathrodriguez/h2no/H2NO-Main/H2NO/routes/homestack.js","statementMap":{"0":{"start":{"line":34,"column":19},"end":{"line":122,"column":1}},"1":{"start":{"line":124,"column":18},"end":{"line":124,"column":50}}},"fnMap":{},"branchMap":{},"s":{"0":0,"1":0},"f":{},"b":{}}
,"/Users/sabathrodriguez/h2no/H2NO-Main/H2NO/src/utils/Dimensions.js": {"path":"/Users/sabathrodriguez/h2no/H2NO-Main/H2NO/src/utils/Dimensions.js","statementMap":{"0":{"start":{"line":2,"column":27},"end":{"line":2,"column":57}},"1":{"start":{"line":3,"column":28},"end":{"line":3,"column":59}}},"fnMap":{},"branchMap":{},"s":{"0":0,"1":0},"f":{},"b":{}}
,"/Users/sabathrodriguez/h2no/H2NO-Main/H2NO/styles/App.js": {"path":"/Users/sabathrodriguez/h2no/H2NO-Main/H2NO/styles/App.js","statementMap":{"0":{"start":{"line":3,"column":15},"end":{"line":10,"column":4}}},"fnMap":{},"branchMap":{},"s":{"0":0},"f":{},"b":{}}
,"/Users/sabathrodriguez/h2no/H2NO-Main/H2NO/styles/Smart_Home.js": {"path":"/Users/sabathrodriguez/h2no/H2NO-Main/H2NO/styles/Smart_Home.js","statementMap":{},"fnMap":{},"branchMap":{},"s":{},"f":{},"b":{}}
}
