TN:
SF:App.js
FN:16,App
FNF:1
FNH:0
FNDA:0,App
DA:17,0
LF:1
LH:0
BRF:0
BRH:0
end_of_record
TN:
SF:firebase.js
FNF:0
FNH:0
DA:9,0
DA:20,0
DA:21,0
DA:22,0
LF:4
LH:0
BRF:0
BRH:0
end_of_record
TN:
SF:components/RecyclePage.js
FN:7,RecyclePage
FN:16,(anonymous_1)
FN:43,(anonymous_2)
FN:44,(anonymous_3)
FN:45,(anonymous_4)
FN:52,(anonymous_5)
FN:85,(anonymous_6)
FN:86,(anonymous_7)
FN:87,(anonymous_8)
FN:112,(anonymous_9)
FNF:10
FNH:1
FNDA:2,RecyclePage
FNDA:0,(anonymous_1)
FNDA:0,(anonymous_2)
FNDA:0,(anonymous_3)
FNDA:0,(anonymous_4)
FNDA:0,(anonymous_5)
FNDA:0,(anonymous_6)
FNDA:0,(anonymous_7)
FNDA:0,(anonymous_8)
FNDA:0,(anonymous_9)
DA:10,2
DA:13,2
DA:16,2
DA:17,0
DA:24,0
DA:25,0
DA:27,0
DA:28,0
DA:30,0
DA:31,0
DA:32,0
DA:39,0
DA:40,0
DA:42,0
DA:43,0
DA:44,0
DA:45,0
DA:47,0
DA:52,2
DA:54,0
DA:56,0
DA:57,0
DA:58,0
DA:61,0
DA:67,0
DA:68,0
DA:69,0
DA:70,0
DA:72,0
DA:73,0
DA:74,0
DA:81,0
DA:82,0
DA:84,0
DA:85,0
DA:86,0
DA:87,0
DA:89,0
DA:93,2
DA:112,0
LF:40
LH:5
BRDA:24,0,0,0
BRDA:24,0,1,0
BRDA:56,1,0,0
BRDA:56,1,1,0
BRDA:67,2,0,0
BRDA:67,2,1,0
BRDA:99,3,0,0
BRDA:99,3,1,2
BRF:8
BRH:1
end_of_record
TN:
SF:components/add_friends.js
FN:8,AddFriends
FN:11,(anonymous_1)
FN:17,(anonymous_2)
FN:31,(anonymous_3)
FN:82,(anonymous_4)
FNF:5
FNH:0
FNDA:0,AddFriends
FNDA:0,(anonymous_1)
FNDA:0,(anonymous_2)
FNDA:0,(anonymous_3)
FNDA:0,(anonymous_4)
DA:9,0
DA:11,0
DA:12,0
DA:14,0
DA:15,0
DA:16,0
DA:17,0
DA:18,0
DA:19,0
DA:22,0
DA:23,0
DA:24,0
DA:27,0
DA:29,0
DA:30,0
DA:31,0
DA:32,0
DA:35,0
DA:36,0
DA:37,0
DA:39,0
DA:40,0
DA:41,0
DA:43,0
DA:44,0
DA:48,0
DA:53,0
DA:82,0
DA:92,0
LF:29
LH:0
BRDA:22,0,0,0
BRDA:22,0,1,0
BRDA:35,1,0,0
BRDA:35,1,1,0
BRDA:39,2,0,0
BRDA:39,2,1,0
BRDA:43,3,0,0
BRDA:43,3,1,0
BRF:8
BRH:0
end_of_record
TN:
SF:components/aluminum_page.js
FN:7,AluminumPage
FN:33,(anonymous_1)
FNF:2
FNH:0
FNDA:0,AluminumPage
FNDA:0,(anonymous_1)
DA:9,0
DA:33,0
DA:59,0
LF:3
LH:0
BRF:0
BRH:0
end_of_record
TN:
SF:components/edit_light.js
FN:6,(anonymous_0)
FN:24,(anonymous_1)
FN:25,(anonymous_2)
FN:28,(anonymous_3)
FN:62,(anonymous_4)
FN:73,EditLight
FN:92,(anonymous_6)
FN:94,(anonymous_7)
FN:105,(anonymous_8)
FN:117,(anonymous_9)
FN:135,updateLight
FN:172,deleteLight
FN:201,getLightFromKey
FN:205,(anonymous_13)
FN:208,(anonymous_14)
FNF:15
FNH:0
FNDA:0,(anonymous_0)
FNDA:0,(anonymous_1)
FNDA:0,(anonymous_2)
FNDA:0,(anonymous_3)
FNDA:0,(anonymous_4)
FNDA:0,EditLight
FNDA:0,(anonymous_6)
FNDA:0,(anonymous_7)
FNDA:0,(anonymous_8)
FNDA:0,(anonymous_9)
FNDA:0,updateLight
FNDA:0,deleteLight
FNDA:0,getLightFromKey
FNDA:0,(anonymous_13)
FNDA:0,(anonymous_14)
DA:6,0
DA:8,0
DA:9,0
DA:10,0
DA:12,0
DA:16,0
DA:23,0
DA:24,0
DA:26,0
DA:28,0
DA:30,0
DA:31,0
DA:33,0
DA:34,0
DA:35,0
DA:36,0
DA:37,0
DA:46,0
DA:57,0
DA:62,0
DA:63,0
DA:75,0
DA:76,0
DA:77,0
DA:78,0
DA:79,0
DA:81,0
DA:83,0
DA:92,0
DA:94,0
DA:105,0
DA:117,0
DA:136,0
DA:137,0
DA:139,0
DA:140,0
DA:141,0
DA:142,0
DA:143,0
DA:144,0
DA:153,0
DA:164,0
DA:165,0
DA:166,0
DA:169,0
DA:173,0
DA:174,0
DA:176,0
DA:177,0
DA:178,0
DA:179,0
DA:180,0
DA:192,0
DA:193,0
DA:194,0
DA:197,0
DA:202,0
DA:205,0
DA:206,0
LF:59
LH:0
BRDA:36,0,0,0
BRDA:36,0,1,0
BRDA:130,1,0,0
BRDA:130,1,1,0
BRDA:143,2,0,0
BRDA:143,2,1,0
BRDA:179,3,0,0
BRDA:179,3,1,0
BRF:8
BRH:0
end_of_record
TN:
SF:components/edit_profile.js
FN:9,EditProfile
FN:15,(anonymous_1)
FN:46,(anonymous_2)
FN:58,(anonymous_3)
FN:67,(anonymous_4)
FN:79,(anonymous_5)
FN:95,(anonymous_6)
FN:130,(anonymous_7)
FN:139,(anonymous_8)
FN:148,(anonymous_9)
FN:157,(anonymous_10)
FNF:11
FNH:0
FNDA:0,EditProfile
FNDA:0,(anonymous_1)
FNDA:0,(anonymous_2)
FNDA:0,(anonymous_3)
FNDA:0,(anonymous_4)
FNDA:0,(anonymous_5)
FNDA:0,(anonymous_6)
FNDA:0,(anonymous_7)
FNDA:0,(anonymous_8)
FNDA:0,(anonymous_9)
FNDA:0,(anonymous_10)
DA:10,0
DA:11,0
DA:12,0
DA:13,0
DA:15,0
DA:16,0
DA:17,0
DA:18,0
DA:21,0
DA:22,0
DA:23,0
DA:24,0
DA:28,0
DA:29,0
DA:30,0
DA:31,0
DA:35,0
DA:36,0
DA:37,0
DA:40,0
DA:42,0
DA:44,0
DA:46,0
DA:47,0
DA:48,0
DA:49,0
DA:50,0
DA:54,0
DA:55,0
DA:58,0
DA:59,0
DA:68,0
DA:71,0
DA:74,0
DA:75,0
DA:76,0
DA:77,0
DA:79,0
DA:80,0
DA:81,0
DA:82,0
DA:83,0
DA:84,0
DA:85,0
DA:86,0
DA:88,0
DA:89,0
DA:90,0
DA:91,0
DA:95,0
DA:96,0
DA:99,0
DA:130,0
DA:139,0
DA:148,0
DA:157,0
DA:168,0
LF:57
LH:0
BRDA:16,0,0,0
BRDA:16,0,1,0
BRDA:16,1,0,0
BRDA:16,1,1,0
BRDA:16,1,2,0
BRDA:16,1,3,0
BRDA:22,2,0,0
BRDA:22,2,1,0
BRDA:22,3,0,0
BRDA:22,3,1,0
BRDA:29,4,0,0
BRDA:29,4,1,0
BRDA:29,5,0,0
BRDA:29,5,1,0
BRDA:35,6,0,0
BRDA:35,6,1,0
BRDA:47,7,0,0
BRDA:47,7,1,0
BRDA:54,8,0,0
BRDA:54,8,1,0
BRDA:82,9,0,0
BRDA:82,9,1,0
BRF:22
BRH:0
end_of_record
TN:
SF:components/edit_water.js
FN:27,(anonymous_0)
FN:28,(anonymous_1)
FN:77,(anonymous_2)
FN:164,(anonymous_3)
FN:178,(anonymous_4)
FN:223,(anonymous_5)
FN:242,(anonymous_6)
FN:261,(anonymous_7)
FN:292,(anonymous_8)
FN:311,(anonymous_9)
FN:330,(anonymous_10)
FN:337,(anonymous_11)
FN:352,(anonymous_12)
FNF:13
FNH:0
FNDA:0,(anonymous_0)
FNDA:0,(anonymous_1)
FNDA:0,(anonymous_2)
FNDA:0,(anonymous_3)
FNDA:0,(anonymous_4)
FNDA:0,(anonymous_5)
FNDA:0,(anonymous_6)
FNDA:0,(anonymous_7)
FNDA:0,(anonymous_8)
FNDA:0,(anonymous_9)
FNDA:0,(anonymous_10)
FNDA:0,(anonymous_11)
FNDA:0,(anonymous_12)
DA:27,0
DA:28,0
DA:30,0
DA:69,0
DA:70,0
DA:71,0
DA:72,0
DA:73,0
DA:74,0
DA:75,0
DA:77,0
DA:78,0
DA:79,0
DA:80,0
DA:82,0
DA:83,0
DA:84,0
DA:86,0
DA:87,0
DA:88,0
DA:90,0
DA:91,0
DA:92,0
DA:94,0
DA:95,0
DA:96,0
DA:98,0
DA:99,0
DA:100,0
DA:103,0
DA:105,0
DA:106,0
DA:107,0
DA:108,0
DA:109,0
DA:111,0
DA:112,0
DA:114,0
DA:115,0
DA:116,0
DA:117,0
DA:118,0
DA:120,0
DA:128,0
DA:129,0
DA:130,0
DA:131,0
DA:132,0
DA:134,0
DA:143,0
DA:154,0
DA:157,0
DA:158,0
DA:159,0
DA:160,0
DA:161,0
DA:162,0
DA:164,0
DA:165,0
DA:166,0
DA:167,0
DA:168,0
DA:169,0
DA:170,0
DA:171,0
DA:172,0
DA:173,0
DA:174,0
DA:178,0
DA:179,0
DA:182,0
DA:223,0
DA:242,0
DA:261,0
DA:292,0
DA:311,0
DA:330,0
DA:337,0
DA:352,0
LF:79
LH:0
BRDA:78,0,0,0
BRDA:78,0,1,0
BRDA:82,1,0,0
BRDA:82,1,1,0
BRDA:86,2,0,0
BRDA:86,2,1,0
BRDA:90,3,0,0
BRDA:90,3,1,0
BRDA:94,4,0,0
BRDA:94,4,1,0
BRDA:98,5,0,0
BRDA:98,5,1,0
BRDA:114,6,0,0
BRDA:114,6,1,0
BRDA:167,7,0,0
BRDA:167,7,1,0
BRF:16
BRH:0
end_of_record
TN:
SF:components/electronics_page.js
FN:5,ElectronicsPage
FNF:1
FNH:0
FNDA:0,ElectronicsPage
DA:7,0
DA:44,0
LF:2
LH:0
BRF:0
BRH:0
end_of_record
TN:
SF:components/forgot_password_page.js
FN:9,ForgotPasswordPage
FN:12,(anonymous_1)
FN:40,(anonymous_2)
FNF:3
FNH:0
FNDA:0,ForgotPasswordPage
FNDA:0,(anonymous_1)
FNDA:0,(anonymous_2)
DA:10,0
DA:12,0
DA:13,0
DA:14,0
DA:15,0
DA:18,0
DA:40,0
DA:52,0
LF:8
LH:0
BRF:0
BRH:0
end_of_record
TN:
SF:components/glass_page.js
FN:7,GlassPage
FN:47,(anonymous_1)
FN:50,(anonymous_2)
FNF:3
FNH:0
FNDA:0,GlassPage
FNDA:0,(anonymous_1)
FNDA:0,(anonymous_2)
DA:9,0
DA:47,0
DA:50,0
DA:68,0
LF:4
LH:0
BRF:0
BRH:0
end_of_record
TN:
SF:components/login_page.js
FN:21,(anonymous_0)
FN:25,(anonymous_1)
FN:26,(anonymous_2)
FN:35,(anonymous_3)
FN:38,(anonymous_4)
FN:41,(anonymous_5)
FN:73,(anonymous_6)
FN:93,(anonymous_7)
FN:110,(anonymous_8)
FN:122,(anonymous_9)
FNF:10
FNH:0
FNDA:0,(anonymous_0)
FNDA:0,(anonymous_1)
FNDA:0,(anonymous_2)
FNDA:0,(anonymous_3)
FNDA:0,(anonymous_4)
FNDA:0,(anonymous_5)
FNDA:0,(anonymous_6)
FNDA:0,(anonymous_7)
FNDA:0,(anonymous_8)
FNDA:0,(anonymous_9)
DA:21,0
DA:22,0
DA:23,0
DA:25,0
DA:26,0
DA:27,0
DA:28,0
DA:32,0
DA:35,0
DA:36,0
DA:39,0
DA:41,0
DA:44,0
DA:73,0
DA:93,0
DA:110,0
DA:122,0
DA:134,0
LF:18
LH:0
BRDA:27,0,0,0
BRDA:27,0,1,0
BRF:2
BRH:0
end_of_record
TN:
SF:components/map_page.js
FN:25,(anonymous_0)
FN:34,(anonymous_1)
FN:41,(anonymous_2)
FN:53,(anonymous_3)
FNF:4
FNH:0
FNDA:0,(anonymous_0)
FNDA:0,(anonymous_1)
FNDA:0,(anonymous_2)
FNDA:0,(anonymous_3)
DA:7,0
DA:25,0
DA:26,0
DA:34,0
DA:35,0
DA:37,0
DA:39,0
DA:41,0
DA:42,0
DA:43,0
DA:51,0
DA:53,0
DA:54,0
DA:57,0
LF:14
LH:0
BRDA:42,0,0,0
BRDA:42,0,1,0
BRF:2
BRH:0
end_of_record
TN:
SF:components/more_actions_page.js
FN:6,MoreActionsPage
FN:23,(anonymous_1)
FN:31,(anonymous_2)
FNF:3
FNH:0
FNDA:0,MoreActionsPage
FNDA:0,(anonymous_1)
FNDA:0,(anonymous_2)
DA:7,0
DA:23,0
DA:31,0
DA:40,0
LF:4
LH:0
BRF:0
BRH:0
end_of_record
TN:
SF:components/nav_page.js
FN:17,(anonymous_0)
FN:18,(anonymous_1)
FN:74,(anonymous_2)
FN:76,(anonymous_3)
FN:79,(anonymous_4)
FN:97,(anonymous_5)
FN:108,(anonymous_6)
FN:120,(anonymous_7)
FN:131,(anonymous_8)
FN:142,(anonymous_9)
FNF:10
FNH:0
FNDA:0,(anonymous_0)
FNDA:0,(anonymous_1)
FNDA:0,(anonymous_2)
FNDA:0,(anonymous_3)
FNDA:0,(anonymous_4)
FNDA:0,(anonymous_5)
FNDA:0,(anonymous_6)
FNDA:0,(anonymous_7)
FNDA:0,(anonymous_8)
FNDA:0,(anonymous_9)
DA:17,0
DA:18,0
DA:20,0
DA:74,0
DA:75,0
DA:77,0
DA:79,0
DA:84,0
DA:97,0
DA:108,0
DA:120,0
DA:131,0
DA:142,0
LF:13
LH:0
BRF:0
BRH:0
end_of_record
TN:
SF:components/paper_page.js
FN:8,PaperPage
FNF:1
FNH:0
FNDA:0,PaperPage
DA:10,0
DA:103,0
LF:2
LH:0
BRF:0
BRH:0
end_of_record
TN:
SF:components/plastics_page.js
FN:13,PlasticPage
FN:85,(anonymous_1)
FNF:2
FNH:0
FNDA:0,PlasticPage
FNDA:0,(anonymous_1)
DA:15,0
DA:85,0
DA:110,0
LF:3
LH:0
BRF:0
BRH:0
end_of_record
TN:
SF:components/recycle_contact_page.js
FN:7,RecycleContactPage
FN:8,(anonymous_1)
FN:14,(anonymous_2)
FN:22,(anonymous_3)
FN:26,(anonymous_4)
FN:38,(anonymous_5)
FN:42,(anonymous_6)
FN:63,(anonymous_7)
FN:76,(anonymous_8)
FNF:9
FNH:0
FNDA:0,RecycleContactPage
FNDA:0,(anonymous_1)
FNDA:0,(anonymous_2)
FNDA:0,(anonymous_3)
FNDA:0,(anonymous_4)
FNDA:0,(anonymous_5)
FNDA:0,(anonymous_6)
FNDA:0,(anonymous_7)
FNDA:0,(anonymous_8)
DA:8,0
DA:9,0
DA:12,0
DA:14,0
DA:15,0
DA:16,0
DA:22,0
DA:23,0
DA:24,0
DA:26,0
DA:27,0
DA:35,0
DA:38,0
DA:39,0
DA:42,0
DA:43,0
DA:56,0
DA:64,0
DA:76,0
DA:81,0
LF:20
LH:0
BRF:0
BRH:0
end_of_record
TN:
SF:components/recycling101_page.js
FN:6,Recycle101Page
FN:22,(anonymous_1)
FN:30,(anonymous_2)
FN:38,(anonymous_3)
FN:46,(anonymous_4)
FN:54,(anonymous_5)
FN:70,(anonymous_6)
FNF:7
FNH:0
FNDA:0,Recycle101Page
FNDA:0,(anonymous_1)
FNDA:0,(anonymous_2)
FNDA:0,(anonymous_3)
FNDA:0,(anonymous_4)
FNDA:0,(anonymous_5)
FNDA:0,(anonymous_6)
DA:8,0
DA:22,0
DA:30,0
DA:38,0
DA:46,0
DA:54,0
DA:70,0
LF:7
LH:0
BRF:0
BRH:0
end_of_record
TN:
SF:components/registration_page.js
FN:22,(anonymous_0)
FN:30,(anonymous_1)
FN:31,(anonymous_2)
FN:40,(anonymous_3)
FN:75,(anonymous_4)
FN:88,(anonymous_5)
FN:100,(anonymous_6)
FN:104,(anonymous_7)
FN:152,(anonymous_8)
FN:170,(anonymous_9)
FN:188,(anonymous_10)
FN:206,(anonymous_11)
FN:225,(anonymous_12)
FN:244,(anonymous_13)
FN:259,(anonymous_14)
FNF:15
FNH:0
FNDA:0,(anonymous_0)
FNDA:0,(anonymous_1)
FNDA:0,(anonymous_2)
FNDA:0,(anonymous_3)
FNDA:0,(anonymous_4)
FNDA:0,(anonymous_5)
FNDA:0,(anonymous_6)
FNDA:0,(anonymous_7)
FNDA:0,(anonymous_8)
FNDA:0,(anonymous_9)
FNDA:0,(anonymous_10)
FNDA:0,(anonymous_11)
FNDA:0,(anonymous_12)
FNDA:0,(anonymous_13)
FNDA:0,(anonymous_14)
DA:22,0
DA:23,0
DA:24,0
DA:25,0
DA:26,0
DA:27,0
DA:28,0
DA:30,0
DA:31,0
DA:32,0
DA:33,0
DA:37,0
DA:40,0
DA:41,0
DA:42,0
DA:43,0
DA:45,0
DA:46,0
DA:47,0
DA:50,0
DA:51,0
DA:52,0
DA:53,0
DA:57,0
DA:58,0
DA:59,0
DA:60,0
DA:64,0
DA:65,0
DA:66,0
DA:69,0
DA:71,0
DA:73,0
DA:75,0
DA:76,0
DA:77,0
DA:78,0
DA:81,0
DA:82,0
DA:86,0
DA:89,0
DA:90,0
DA:99,0
DA:101,0
DA:104,0
DA:109,0
DA:152,0
DA:170,0
DA:188,0
DA:206,0
DA:225,0
DA:244,0
DA:259,0
DA:268,0
LF:54
LH:0
BRDA:32,0,0,0
BRDA:32,0,1,0
BRDA:41,1,0,0
BRDA:41,1,1,0
BRDA:41,2,0,0
BRDA:41,2,1,0
BRDA:41,2,2,0
BRDA:41,2,3,0
BRDA:41,2,4,0
BRDA:41,2,5,0
BRDA:45,3,0,0
BRDA:45,3,1,0
BRDA:51,4,0,0
BRDA:51,4,1,0
BRDA:51,5,0,0
BRDA:51,5,1,0
BRDA:58,6,0,0
BRDA:58,6,1,0
BRDA:58,7,0,0
BRDA:58,7,1,0
BRDA:64,8,0,0
BRDA:64,8,1,0
BRDA:81,9,0,0
BRDA:81,9,1,0
BRF:24
BRH:0
end_of_record
TN:
SF:components/smart_home_add_light.js
FN:9,(anonymous_0)
FN:12,(anonymous_1)
FN:36,(anonymous_2)
FN:48,AddLight
FN:59,getLocalIP
FN:67,(anonymous_5)
FN:68,(anonymous_6)
FN:78,(anonymous_7)
FN:85,getBridgeKey
FN:102,(anonymous_9)
FN:103,(anonymous_10)
FN:109,(anonymous_11)
FN:114,FindLights
FN:125,(anonymous_13)
FN:126,(anonymous_14)
FN:132,(anonymous_15)
FN:139,AddLight
FN:212,(anonymous_17)
FN:233,(anonymous_18)
FN:253,(anonymous_19)
FN:265,(anonymous_20)
FN:291,(anonymous_21)
FN:292,(anonymous_22)
FN:293,(anonymous_23)
FNF:24
FNH:0
FNDA:0,(anonymous_0)
FNDA:0,(anonymous_1)
FNDA:0,(anonymous_2)
FNDA:0,AddLight
FNDA:0,getLocalIP
FNDA:0,(anonymous_5)
FNDA:0,(anonymous_6)
FNDA:0,(anonymous_7)
FNDA:0,getBridgeKey
FNDA:0,(anonymous_9)
FNDA:0,(anonymous_10)
FNDA:0,(anonymous_11)
FNDA:0,FindLights
FNDA:0,(anonymous_13)
FNDA:0,(anonymous_14)
FNDA:0,(anonymous_15)
FNDA:0,AddLight
FNDA:0,(anonymous_17)
FNDA:0,(anonymous_18)
FNDA:0,(anonymous_19)
FNDA:0,(anonymous_20)
FNDA:0,(anonymous_21)
FNDA:0,(anonymous_22)
FNDA:0,(anonymous_23)
DA:9,0
DA:10,0
DA:14,0
DA:36,0
DA:37,0
DA:49,0
DA:50,0
DA:51,0
DA:52,0
DA:53,0
DA:54,0
DA:55,0
DA:56,0
DA:61,0
DA:66,0
DA:67,0
DA:69,0
DA:70,0
DA:71,0
DA:73,0
DA:75,0
DA:79,0
DA:82,0
DA:86,0
DA:87,0
DA:89,0
DA:94,0
DA:101,0
DA:102,0
DA:104,0
DA:105,0
DA:106,0
DA:107,0
DA:110,0
DA:115,0
DA:116,0
DA:118,0
DA:124,0
DA:125,0
DA:127,0
DA:128,0
DA:129,0
DA:133,0
DA:140,0
DA:141,0
DA:142,0
DA:143,0
DA:153,0
DA:154,0
DA:155,0
DA:156,0
DA:157,0
DA:158,0
DA:160,0
DA:161,0
DA:162,0
DA:163,0
DA:164,0
DA:167,0
DA:176,0
DA:182,0
DA:196,0
DA:198,0
DA:202,0
DA:212,0
DA:233,0
DA:253,0
DA:265,0
DA:291,0
DA:292,0
DA:294,0
DA:301,0
LF:72
LH:0
BRDA:70,0,0,0
BRDA:70,0,1,0
BRDA:140,1,0,0
BRDA:140,1,1,0
BRDA:158,2,0,0
BRDA:158,2,1,0
BRDA:163,3,0,0
BRDA:163,3,1,0
BRDA:278,4,0,0
BRDA:278,4,1,0
BRDA:288,5,0,0
BRDA:288,5,1,0
BRF:12
BRH:0
end_of_record
TN:
SF:components/smart_home_aircooler.js
FN:7,AirCooler
FN:13,getAirCoolerData
FN:16,(anonymous_2)
FN:17,(anonymous_3)
FN:24,(anonymous_4)
FN:39,(anonymous_5)
FN:56,(anonymous_6)
FNF:7
FNH:0
FNDA:0,AirCooler
FNDA:0,getAirCoolerData
FNDA:0,(anonymous_2)
FNDA:0,(anonymous_3)
FNDA:0,(anonymous_4)
FNDA:0,(anonymous_5)
FNDA:0,(anonymous_6)
DA:9,0
DA:11,0
DA:15,0
DA:16,0
DA:18,0
DA:24,0
DA:25,0
DA:30,0
DA:39,0
DA:56,0
DA:62,0
DA:64,0
LF:12
LH:0
BRF:0
BRH:0
end_of_record
TN:
SF:components/smart_home_blinds.js
FN:11,Blinds
FN:23,(anonymous_1)
FN:29,(anonymous_2)
FN:57,(anonymous_3)
FN:58,(anonymous_4)
FN:59,(anonymous_5)
FN:79,(anonymous_6)
FN:80,(anonymous_7)
FN:81,(anonymous_8)
FN:95,(anonymous_9)
FN:131,(anonymous_10)
FNF:11
FNH:0
FNDA:0,Blinds
FNDA:0,(anonymous_1)
FNDA:0,(anonymous_2)
FNDA:0,(anonymous_3)
FNDA:0,(anonymous_4)
FNDA:0,(anonymous_5)
FNDA:0,(anonymous_6)
FNDA:0,(anonymous_7)
FNDA:0,(anonymous_8)
FNDA:0,(anonymous_9)
FNDA:0,(anonymous_10)
DA:12,0
DA:14,0
DA:16,0
DA:17,0
DA:18,0
DA:19,0
DA:23,0
DA:24,0
DA:29,0
DA:30,0
DA:31,0
DA:37,0
DA:40,0
DA:57,0
DA:58,0
DA:60,0
DA:79,0
DA:80,0
DA:82,0
DA:95,0
DA:131,0
DA:136,0
LF:22
LH:0
BRDA:30,0,0,0
BRDA:30,0,1,0
BRDA:30,1,0,0
BRDA:30,1,1,0
BRDA:32,2,0,0
BRDA:32,2,1,0
BRDA:44,3,0,0
BRDA:44,3,1,0
BRDA:54,4,0,0
BRDA:54,4,1,0
BRDA:66,5,0,0
BRDA:66,5,1,0
BRDA:76,6,0,0
BRDA:76,6,1,0
BRF:14
BRH:0
end_of_record
TN:
SF:components/smart_home_devices_button.js
FN:5,SmartHomeButton
FNF:1
FNH:0
FNDA:0,SmartHomeButton
DA:8,0
LF:1
LH:0
BRF:0
BRH:0
end_of_record
TN:
SF:components/smart_home_fan.js
FN:5,Fan
FN:15,(anonymous_1)
FN:25,(anonymous_2)
FN:35,(anonymous_3)
FN:44,(anonymous_4)
FN:51,(anonymous_5)
FNF:6
FNH:0
FNDA:0,Fan
FNDA:0,(anonymous_1)
FNDA:0,(anonymous_2)
FNDA:0,(anonymous_3)
FNDA:0,(anonymous_4)
FNDA:0,(anonymous_5)
DA:7,0
DA:8,0
DA:9,0
DA:11,0
DA:15,0
DA:25,0
DA:35,0
DA:44,0
DA:51,0
DA:52,0
DA:57,0
LF:11
LH:0
BRDA:15,0,0,0
BRDA:15,0,1,0
BRDA:19,1,0,0
BRDA:19,1,1,0
BRDA:25,2,0,0
BRDA:25,2,1,0
BRDA:29,3,0,0
BRDA:29,3,1,0
BRDA:35,4,0,0
BRDA:35,4,1,0
BRDA:39,5,0,0
BRDA:39,5,1,0
BRF:12
BRH:0
end_of_record
TN:
SF:components/smart_home_heater.js
FN:7,Heater
FN:13,getHeaterData
FN:16,(anonymous_2)
FN:17,(anonymous_3)
FN:24,(anonymous_4)
FN:38,(anonymous_5)
FN:56,(anonymous_6)
FNF:7
FNH:0
FNDA:0,Heater
FNDA:0,getHeaterData
FNDA:0,(anonymous_2)
FNDA:0,(anonymous_3)
FNDA:0,(anonymous_4)
FNDA:0,(anonymous_5)
FNDA:0,(anonymous_6)
DA:9,0
DA:11,0
DA:15,0
DA:16,0
DA:18,0
DA:24,0
DA:25,0
DA:30,0
DA:38,0
DA:56,0
DA:62,0
DA:64,0
LF:12
LH:0
BRF:0
BRH:0
end_of_record
TN:
SF:components/smart_home_lightbulb.js
FN:16,(anonymous_0)
FN:34,(anonymous_1)
FN:35,(anonymous_2)
FN:36,(anonymous_3)
FN:40,Lightbulb
FN:53,(anonymous_5)
FN:61,(anonymous_6)
FN:67,getLightsFromDB
FN:101,(anonymous_8)
FN:109,(anonymous_9)
FN:111,(anonymous_10)
FN:117,(anonymous_11)
FN:120,(anonymous_12)
FN:141,getValues
FN:145,(anonymous_14)
FN:170,(anonymous_15)
FN:187,(anonymous_16)
FNF:17
FNH:0
FNDA:0,(anonymous_0)
FNDA:0,(anonymous_1)
FNDA:0,(anonymous_2)
FNDA:0,(anonymous_3)
FNDA:0,Lightbulb
FNDA:0,(anonymous_5)
FNDA:0,(anonymous_6)
FNDA:0,getLightsFromDB
FNDA:0,(anonymous_8)
FNDA:0,(anonymous_9)
FNDA:0,(anonymous_10)
FNDA:0,(anonymous_11)
FNDA:0,(anonymous_12)
FNDA:0,getValues
FNDA:0,(anonymous_14)
FNDA:0,(anonymous_15)
FNDA:0,(anonymous_16)
DA:16,0
DA:18,0
DA:19,0
DA:20,0
DA:22,0
DA:26,0
DA:33,0
DA:34,0
DA:35,0
DA:36,0
DA:43,0
DA:44,0
DA:45,0
DA:46,0
DA:47,0
DA:48,0
DA:49,0
DA:50,0
DA:51,0
DA:52,0
DA:53,0
DA:54,0
DA:55,0
DA:56,0
DA:57,0
DA:61,0
DA:62,0
DA:63,0
DA:65,0
DA:68,0
DA:69,0
DA:70,0
DA:71,0
DA:72,0
DA:73,0
DA:74,0
DA:75,0
DA:76,0
DA:77,0
DA:78,0
DA:79,0
DA:80,0
DA:81,0
DA:83,0
DA:92,0
DA:93,0
DA:95,0
DA:96,0
DA:97,0
DA:101,0
DA:102,0
DA:105,0
DA:107,0
DA:109,0
DA:110,0
DA:111,0
DA:112,0
DA:114,0
DA:117,0
DA:118,0
DA:121,0
DA:142,0
DA:145,0
DA:146,0
DA:147,0
DA:160,0
DA:171,0
DA:181,0
DA:187,0
DA:188,0
DA:193,0
LF:71
LH:0
BRDA:70,0,0,0
BRDA:70,0,1,0
BRDA:79,1,0,0
BRDA:79,1,1,0
BRDA:79,2,0,0
BRDA:79,2,1,0
BRDA:146,3,0,0
BRDA:146,3,1,0
BRF:8
BRH:0
end_of_record
TN:
SF:components/smart_home_page.js
FN:5,SmartHomePage
FN:9,(anonymous_1)
FN:22,(anonymous_2)
FN:24,(anonymous_3)
FN:26,(anonymous_4)
FN:28,(anonymous_5)
FN:30,(anonymous_6)
FN:32,(anonymous_7)
FN:34,(anonymous_8)
FNF:9
FNH:2
FNDA:2,SmartHomePage
FNDA:14,(anonymous_1)
FNDA:0,(anonymous_2)
FNDA:0,(anonymous_3)
FNDA:0,(anonymous_4)
FNDA:0,(anonymous_5)
FNDA:0,(anonymous_6)
FNDA:0,(anonymous_7)
FNDA:0,(anonymous_8)
DA:9,2
DA:10,14
DA:15,2
DA:22,0
DA:24,0
DA:26,0
DA:28,0
DA:30,0
DA:32,0
DA:34,0
DA:41,1
DA:42,1
LF:12
LH:5
BRF:0
BRH:0
end_of_record
TN:
SF:components/smart_home_sprinklers.js
FN:8,Sprinklers
FN:17,(anonymous_1)
FN:109,(anonymous_2)
FNF:3
FNH:0
FNDA:0,Sprinklers
FNDA:0,(anonymous_1)
FNDA:0,(anonymous_2)
DA:9,0
DA:10,0
DA:11,0
DA:12,0
DA:13,0
DA:17,0
DA:18,0
DA:23,0
DA:109,0
DA:119,0
LF:10
LH:0
BRF:0
BRH:0
end_of_record
TN:
SF:components/smart_home_thermostat.js
FN:7,Thermostat
FN:13,getThermostatData
FN:16,(anonymous_2)
FN:17,(anonymous_3)
FN:24,(anonymous_4)
FN:39,(anonymous_5)
FN:57,(anonymous_6)
FNF:7
FNH:0
FNDA:0,Thermostat
FNDA:0,getThermostatData
FNDA:0,(anonymous_2)
FNDA:0,(anonymous_3)
FNDA:0,(anonymous_4)
FNDA:0,(anonymous_5)
FNDA:0,(anonymous_6)
DA:9,0
DA:11,0
DA:15,0
DA:16,0
DA:18,0
DA:24,0
DA:25,0
DA:30,0
DA:39,0
DA:57,0
DA:63,0
DA:65,0
LF:12
LH:0
BRF:0
BRH:0
end_of_record
TN:
SF:components/social_page.js
FN:11,(anonymous_0)
FN:46,convertDate
FN:57,(anonymous_2)
FN:60,(anonymous_3)
FN:67,(anonymous_4)
FN:79,(anonymous_5)
FN:85,(anonymous_6)
FN:91,(anonymous_7)
FN:112,(anonymous_8)
FN:125,(anonymous_9)
FNF:10
FNH:0
FNDA:0,(anonymous_0)
FNDA:0,convertDate
FNDA:0,(anonymous_2)
FNDA:0,(anonymous_3)
FNDA:0,(anonymous_4)
FNDA:0,(anonymous_5)
FNDA:0,(anonymous_6)
FNDA:0,(anonymous_7)
FNDA:0,(anonymous_8)
FNDA:0,(anonymous_9)
DA:11,0
DA:12,0
DA:47,0
DA:48,0
DA:49,0
DA:51,0
DA:52,0
DA:54,0
DA:57,0
DA:58,0
DA:60,0
DA:61,0
DA:63,0
DA:65,0
DA:67,0
DA:68,0
DA:76,0
DA:79,0
DA:80,0
DA:83,0
DA:85,0
DA:86,0
DA:87,0
DA:88,0
DA:91,0
DA:98,0
DA:112,0
DA:125,0
DA:165,0
LF:29
LH:0
BRDA:54,0,0,0
BRDA:54,0,1,0
BRDA:54,1,0,0
BRDA:54,1,1,0
BRDA:86,2,0,0
BRDA:86,2,1,0
BRDA:87,3,0,0
BRDA:87,3,1,0
BRDA:112,4,0,0
BRDA:168,5,0,0
BRDA:168,5,1,0
BRF:11
BRH:0
end_of_record
TN:
SF:components/water_page.js
FN:30,(anonymous_0)
FN:32,(anonymous_1)
FN:84,(anonymous_2)
FN:102,(anonymous_3)
FN:112,(anonymous_4)
FN:148,(anonymous_5)
FN:154,(anonymous_6)
FN:156,(anonymous_7)
FN:180,(anonymous_8)
FN:214,(anonymous_9)
FNF:10
FNH:0
FNDA:0,(anonymous_0)
FNDA:0,(anonymous_1)
FNDA:0,(anonymous_2)
FNDA:0,(anonymous_3)
FNDA:0,(anonymous_4)
FNDA:0,(anonymous_5)
FNDA:0,(anonymous_6)
FNDA:0,(anonymous_7)
FNDA:0,(anonymous_8)
FNDA:0,(anonymous_9)
DA:30,0
DA:31,0
DA:32,0
DA:34,0
DA:79,0
DA:84,0
DA:90,0
DA:92,0
DA:102,0
DA:103,0
DA:105,0
DA:110,0
DA:112,0
DA:113,0
DA:115,0
DA:117,0
DA:118,0
DA:119,0
DA:120,0
DA:121,0
DA:124,0
DA:126,0
DA:128,0
DA:130,0
DA:134,0
DA:144,0
DA:148,0
DA:149,0
DA:152,0
DA:154,0
DA:155,0
DA:156,0
DA:157,0
DA:159,0
DA:160,0
DA:164,0
DA:180,0
DA:214,0
LF:38
LH:0
BRDA:84,0,0,0
BRDA:119,1,0,0
BRDA:119,1,1,0
BRF:3
BRH:0
end_of_record
TN:
SF:components/additional_files/custom_button.js
FN:4,CustomButtons
FNF:1
FNH:0
FNDA:0,CustomButtons
DA:5,0
LF:1
LH:0
BRF:0
BRH:0
end_of_record
TN:
SF:components/additional_files/input.js
FN:4,Input
FNF:1
FNH:0
FNDA:0,Input
DA:12,0
LF:1
LH:0
BRDA:22,0,0,0
BRDA:22,0,1,0
BRF:2
BRH:0
end_of_record
TN:
SF:routes/homestack.js
FNF:0
FNH:0
DA:34,0
DA:124,0
LF:2
LH:0
BRF:0
BRH:0
end_of_record
TN:
SF:src/utils/Dimensions.js
FNF:0
FNH:0
DA:2,0
DA:3,0
LF:2
LH:0
BRF:0
BRH:0
end_of_record
TN:
SF:styles/App.js
FNF:0
FNH:0
DA:3,0
LF:1
LH:0
BRF:0
BRH:0
end_of_record
TN:
SF:styles/Smart_Home.js
FNF:0
FNH:0
LF:0
LH:0
BRF:0
BRH:0
end_of_record
